<?xml version="1.0" encoding="UTF-8"?>
<testsuites name="jest tests" tests="140" failures="0" errors="0" time="0.273">
  <testsuite name="player workspace separates roster, profile and permission scopes" errors="0" failures="0" skipped="0" timestamp="2026-09-03T12:23:19" time="0.077" tests="40">
    <testcase classname="player workspace separates roster, profile and permission scopes profile.js renders class=&quot;player-detail-screen&quot;" name="player workspace separates roster, profile and permission scopes profile.js renders class=&quot;player-detail-screen&quot;" time="0.001">
    </testcase>
    <testcase classname="player workspace separates roster, profile and permission scopes players source includes &quot;Minecraft permission&quot; label" name="player workspace separates roster, profile and permission scopes players source includes &quot;Minecraft permission&quot; label" time="0">
    </testcase>
    <testcase classname="player workspace separates roster, profile and permission scopes players source includes &quot;CraftControl access&quot; label" name="player workspace separates roster, profile and permission scopes players source includes &quot;CraftControl access&quot; label" time="0.001">
    </testcase>
    <testcase classname="player workspace separates roster, profile and permission scopes settings index renders class=&quot;player-server-settings&quot;" name="player workspace separates roster, profile and permission scopes settings index renders class=&quot;player-server-settings&quot;" time="0">
    </testcase>
    <testcase classname="player workspace separates roster, profile and permission scopes settings index includes trilingual read-only badge (pt, en, es)" name="player workspace separates roster, profile and permission scopes settings index includes trilingual read-only badge (pt, en, es)" time="0">
    </testcase>
    <testcase classname="player profile consolidates authoritative individual analytics telemetry.js renders class=&quot;player-data-workspace&quot;" name="player profile consolidates authoritative individual analytics telemetry.js renders class=&quot;player-data-workspace&quot;" time="0">
    </testcase>
    <testcase classname="player profile consolidates authoritative individual analytics telemetry.js references stats.killsByType" name="player profile consolidates authoritative individual analytics telemetry.js references stats.killsByType" time="0">
    </testcase>
    <testcase classname="player profile consolidates authoritative individual analytics telemetry.js references stats.brokenByType" name="player profile consolidates authoritative individual analytics telemetry.js references stats.brokenByType" time="0.001">
    </testcase>
    <testcase classname="player profile consolidates authoritative individual analytics telemetry.js references stats.placedByType" name="player profile consolidates authoritative individual analytics telemetry.js references stats.placedByType" time="0">
    </testcase>
    <testcase classname="player profile consolidates authoritative individual analytics telemetry.js references stats.dimensions" name="player profile consolidates authoritative individual analytics telemetry.js references stats.dimensions" time="0">
    </testcase>
    <testcase classname="player profile consolidates authoritative individual analytics profile.js renders id=&quot;compare-player-data&quot;" name="player profile consolidates authoritative individual analytics profile.js renders id=&quot;compare-player-data&quot;" time="0">
    </testcase>
    <testcase classname="player profile consolidates authoritative individual analytics profile.js sets state.analytics.player = profile.name" name="player profile consolidates authoritative individual analytics profile.js sets state.analytics.player = profile.name" time="0">
    </testcase>
    <testcase classname="player profile consolidates authoritative individual analytics history.js renders class=&quot;player-record-drawer&quot;" name="player profile consolidates authoritative individual analytics history.js renders class=&quot;player-record-drawer&quot;" time="0">
    </testcase>
    <testcase classname="player profile consolidates authoritative individual analytics history.js mentions &quot;permanent aggregates&quot; explaining non-authoritative history" name="player profile consolidates authoritative individual analytics history.js mentions &quot;permanent aggregates&quot; explaining non-authoritative history" time="0">
    </testcase>
    <testcase classname="player feature separates workspace, profile, access, history and telemetry workspace.js exports createPlayersWorkspace" name="player feature separates workspace, profile, access, history and telemetry workspace.js exports createPlayersWorkspace" time="0">
    </testcase>
    <testcase classname="player feature separates workspace, profile, access, history and telemetry index.js imports from ./workspace.js?v=7" name="player feature separates workspace, profile, access, history and telemetry index.js imports from ./workspace.js?v=7" time="0">
    </testcase>
    <testcase classname="player feature separates workspace, profile, access, history and telemetry profile.js exports createPlayerProfile" name="player feature separates workspace, profile, access, history and telemetry profile.js exports createPlayerProfile" time="0.001">
    </testcase>
    <testcase classname="player feature separates workspace, profile, access, history and telemetry index.js imports from ./profile.js?v=7" name="player feature separates workspace, profile, access, history and telemetry index.js imports from ./profile.js?v=7" time="0">
    </testcase>
    <testcase classname="player feature separates workspace, profile, access, history and telemetry access.js exports createPlayerAccess" name="player feature separates workspace, profile, access, history and telemetry access.js exports createPlayerAccess" time="0">
    </testcase>
    <testcase classname="player feature separates workspace, profile, access, history and telemetry index.js imports from ./access.js?v=7" name="player feature separates workspace, profile, access, history and telemetry index.js imports from ./access.js?v=7" time="0">
    </testcase>
    <testcase classname="player feature separates workspace, profile, access, history and telemetry history.js exports createPlayerHistory" name="player feature separates workspace, profile, access, history and telemetry history.js exports createPlayerHistory" time="0">
    </testcase>
    <testcase classname="player feature separates workspace, profile, access, history and telemetry index.js imports from ./history.js?v=7" name="player feature separates workspace, profile, access, history and telemetry index.js imports from ./history.js?v=7" time="0">
    </testcase>
    <testcase classname="player feature separates workspace, profile, access, history and telemetry telemetry.js exports createPlayerTelemetry" name="player feature separates workspace, profile, access, history and telemetry telemetry.js exports createPlayerTelemetry" time="0">
    </testcase>
    <testcase classname="player feature separates workspace, profile, access, history and telemetry index.js imports from ./telemetry.js?v=7" name="player feature separates workspace, profile, access, history and telemetry index.js imports from ./telemetry.js?v=7" time="0">
    </testcase>
    <testcase classname="player feature separates workspace, profile, access, history and telemetry composition.js imports from &quot;./features/players/index.js?v=7&quot;" name="player feature separates workspace, profile, access, history and telemetry composition.js imports from &quot;./features/players/index.js?v=7&quot;" time="0">
    </testcase>
    <testcase classname="player feature separates workspace, profile, access, history and telemetry composition.js does not inline renderPlayerCards" name="player feature separates workspace, profile, access, history and telemetry composition.js does not inline renderPlayerCards" time="0">
    </testcase>
    <testcase classname="player feature separates workspace, profile, access, history and telemetry composition.js does not inline bindPlayerAccess" name="player feature separates workspace, profile, access, history and telemetry composition.js does not inline bindPlayerAccess" time="0">
    </testcase>
    <testcase classname="player feature separates workspace, profile, access, history and telemetry composition.js does not inline deathHistoryMarkup" name="player feature separates workspace, profile, access, history and telemetry composition.js does not inline deathHistoryMarkup" time="0.001">
    </testcase>
    <testcase classname="player feature separates workspace, profile, access, history and telemetry composition.js does not inline playerDataMarkup" name="player feature separates workspace, profile, access, history and telemetry composition.js does not inline playerDataMarkup" time="0">
    </testcase>
    <testcase classname="composition defines playerSettingsMarkup before passing to createPlayersFeature composition.js contains function playerSettingsMarkup" name="composition defines playerSettingsMarkup before passing to createPlayersFeature composition.js contains function playerSettingsMarkup" time="0">
    </testcase>
    <testcase classname="composition defines playerSettingsMarkup before passing to createPlayersFeature playerSettingsMarkup is defined before it is passed to createPlayersFeature (regression #155/#156)" name="composition defines playerSettingsMarkup before passing to createPlayersFeature playerSettingsMarkup is defined before it is passed to createPlayersFeature (regression #155/#156)" time="0">
    </testcase>
    <testcase classname="composition defines playerSettingsMarkup before passing to createPlayersFeature does not pass bindSegmentedControls directly to createPlayersFeature" name="composition defines playerSettingsMarkup before passing to createPlayersFeature does not pass bindSegmentedControls directly to createPlayersFeature" time="0">
    </testcase>
    <testcase classname="composition defines playerSettingsMarkup before passing to createPlayersFeature does not pass bindSettingFields directly to createPlayersFeature" name="composition defines playerSettingsMarkup before passing to createPlayersFeature does not pass bindSettingFields directly to createPlayersFeature" time="0">
    </testcase>
    <testcase classname="player timeline separates action from localized timestamp history.js uses class=&quot;timeline-action&quot; for the action column" name="player timeline separates action from localized timestamp history.js uses class=&quot;timeline-action&quot; for the action column" time="0">
    </testcase>
    <testcase classname="player timeline separates action from localized timestamp time.js renders class=&quot;timeline-timestamp&quot;" name="player timeline separates action from localized timestamp time.js renders class=&quot;timeline-timestamp&quot;" time="0">
    </testcase>
    <testcase classname="player timeline separates action from localized timestamp time.js formats dates with month: &quot;short&quot;" name="player timeline separates action from localized timestamp time.js formats dates with month: &quot;short&quot;" time="0">
    </testcase>
    <testcase classname="recent sessions have distinct state, duration and period layout history.js renders class=&quot;session-state&quot;" name="recent sessions have distinct state, duration and period layout history.js renders class=&quot;session-state&quot;" time="0.001">
    </testcase>
    <testcase classname="recent sessions have distinct state, duration and period layout history.js renders class=&quot;session-duration&quot;" name="recent sessions have distinct state, duration and period layout history.js renders class=&quot;session-duration&quot;" time="0">
    </testcase>
    <testcase classname="recent sessions have distinct state, duration and period layout history.js renders class=&quot;session-period&quot;" name="recent sessions have distinct state, duration and period layout history.js renders class=&quot;session-period&quot;" time="0">
    </testcase>
    <testcase classname="recent sessions have distinct state, duration and period layout history.js handles session.disconnected_at for ended sessions" name="recent sessions have distinct state, duration and period layout history.js handles session.disconnected_at for ended sessions" time="0">
    </testcase>
  </testsuite>
  <testsuite name="i18n contracts — block translations in game-terms.js (PT/EN)" errors="0" failures="0" skipped="0" timestamp="2026-09-03T12:23:19" time="0.031" tests="23">
    <testcase classname="i18n contracts — block translations in game-terms.js (PT/EN) stone has PT/EN translations" name="i18n contracts — block translations in game-terms.js (PT/EN) stone has PT/EN translations" time="0.001">
    </testcase>
    <testcase classname="i18n contracts — block translations in game-terms.js (PT/EN) diamond_ore has PT/EN translations" name="i18n contracts — block translations in game-terms.js (PT/EN) diamond_ore has PT/EN translations" time="0">
    </testcase>
    <testcase classname="i18n contracts — block translations in game-terms.js (PT/EN) cobblestone_wall has PT/EN translations" name="i18n contracts — block translations in game-terms.js (PT/EN) cobblestone_wall has PT/EN translations" time="0">
    </testcase>
    <testcase classname="i18n contracts — block translations in game-terms.js (PT/EN) leaf_litter has PT/EN translations" name="i18n contracts — block translations in game-terms.js (PT/EN) leaf_litter has PT/EN translations" time="0">
    </testcase>
    <testcase classname="i18n contracts — block translations in game-terms.js (PT/EN) stone_stairs has PT/EN translations" name="i18n contracts — block translations in game-terms.js (PT/EN) stone_stairs has PT/EN translations" time="0">
    </testcase>
    <testcase classname="i18n contracts — block translations in game-terms.js (PT/EN) stripped_birch_log has PT/EN translations" name="i18n contracts — block translations in game-terms.js (PT/EN) stripped_birch_log has PT/EN translations" time="0">
    </testcase>
    <testcase classname="i18n contracts — block translations in game-terms.js (PT/EN) reeds (sugar cane) has PT/EN translations" name="i18n contracts — block translations in game-terms.js (PT/EN) reeds (sugar cane) has PT/EN translations" time="0.001">
    </testcase>
    <testcase classname="i18n contracts — ES block overrides in game-terms.js cobblestone has ES translation &quot;Adoquín&quot;" name="i18n contracts — ES block overrides in game-terms.js cobblestone has ES translation &quot;Adoquín&quot;" time="0">
    </testcase>
    <testcase classname="i18n contracts — ES block overrides in game-terms.js leaf_litter has ES translation &quot;Hojarasca&quot;" name="i18n contracts — ES block overrides in game-terms.js leaf_litter has ES translation &quot;Hojarasca&quot;" time="0">
    </testcase>
    <testcase classname="i18n contracts — SVG sprite usage in game-terms.js game-terms.js uses craftcontrol-blocks.svg sprite" name="i18n contracts — SVG sprite usage in game-terms.js game-terms.js uses craftcontrol-blocks.svg sprite" time="0">
    </testcase>
    <testcase classname="i18n contracts — SVG sprite usage in game-terms.js game-terms.js uses craftcontrol-ui.svg sprite" name="i18n contracts — SVG sprite usage in game-terms.js game-terms.js uses craftcontrol-ui.svg sprite" time="0">
    </testcase>
    <testcase classname="i18n contracts — SVG sprite usage in game-terms.js game-terms.js exports blockTermMarkup function" name="i18n contracts — SVG sprite usage in game-terms.js game-terms.js exports blockTermMarkup function" time="0">
    </testcase>
    <testcase classname="i18n contracts — ES locale wired up in i18n index i18n/index.js imports es.js" name="i18n contracts — ES locale wired up in i18n index i18n/index.js imports es.js" time="0">
    </testcase>
    <testcase classname="i18n contracts — template locale and flag icons template sets data-locale=&quot;es&quot;" name="i18n contracts — template locale and flag icons template sets data-locale=&quot;es&quot;" time="0">
    </testcase>
    <testcase classname="i18n contracts — template locale and flag icons template includes PT flag icon (ui-flag-br)" name="i18n contracts — template locale and flag icons template includes PT flag icon (ui-flag-br)" time="0">
    </testcase>
    <testcase classname="i18n contracts — template locale and flag icons template includes EN flag icon (ui-flag-us)" name="i18n contracts — template locale and flag icons template includes EN flag icon (ui-flag-us)" time="0">
    </testcase>
    <testcase classname="i18n contracts — template locale and flag icons template includes ES flag icon (ui-flag-es)" name="i18n contracts — template locale and flag icons template includes ES flag icon (ui-flag-es)" time="0">
    </testcase>
    <testcase classname="i18n contracts — no legacy Unicode icons in bundled script or template frontend script bundle has no legacy Unicode icons" name="i18n contracts — no legacy Unicode icons in bundled script or template frontend script bundle has no legacy Unicode icons" time="0">
    </testcase>
    <testcase classname="i18n contracts — no legacy Unicode icons in bundled script or template index.html template has no legacy Unicode icons" name="i18n contracts — no legacy Unicode icons in bundled script or template index.html template has no legacy Unicode icons" time="0">
    </testcase>
    <testcase classname="i18n contracts — dimensionName exported from game-terms.js game-terms.js defines function dimensionName(identifier)" name="i18n contracts — dimensionName exported from game-terms.js game-terms.js defines function dimensionName(identifier)" time="0">
    </testcase>
    <testcase classname="i18n contracts — dimensionName threaded through composition to players and analytics composition.js passes blockIcon, dimensionName, gameTermMarkup to players feature" name="i18n contracts — dimensionName threaded through composition to players and analytics composition.js passes blockIcon, dimensionName, gameTermMarkup to players feature" time="0">
    </testcase>
    <testcase classname="i18n contracts — dimensionName threaded through composition to players and analytics composition.js passes blockTermMarkup, dimensionName, formatRankingValue to analytics" name="i18n contracts — dimensionName threaded through composition to players and analytics composition.js passes blockTermMarkup, dimensionName, formatRankingValue to analytics" time="0">
    </testcase>
    <testcase classname="i18n contracts — dimensionName threaded through composition to players and analytics composition.js passes formatDuration, dimensionName, localeTag to analytics" name="i18n contracts — dimensionName threaded through composition to players and analytics composition.js passes formatDuration, dimensionName, localeTag to analytics" time="0">
    </testcase>
  </testsuite>
  <testsuite name="feature contracts — world/rules/server/auth boundaries" errors="0" failures="0" skipped="0" timestamp="2026-09-03T12:23:20" time="0.031" tests="16">
    <testcase classname="feature contracts — world/rules/server/auth boundaries world/index.js exports createWorldFeature" name="feature contracts — world/rules/server/auth boundaries world/index.js exports createWorldFeature" time="0">
    </testcase>
    <testcase classname="feature contracts — world/rules/server/auth boundaries rules/index.js exports createRulesFeature" name="feature contracts — world/rules/server/auth boundaries rules/index.js exports createRulesFeature" time="0">
    </testcase>
    <testcase classname="feature contracts — world/rules/server/auth boundaries server/index.js exports createServerFeature" name="feature contracts — world/rules/server/auth boundaries server/index.js exports createServerFeature" time="0">
    </testcase>
    <testcase classname="feature contracts — world/rules/server/auth boundaries auth/bootstrap.js exports startAuthenticatedApplication" name="feature contracts — world/rules/server/auth boundaries auth/bootstrap.js exports startAuthenticatedApplication" time="0.001">
    </testcase>
    <testcase classname="feature contracts — world/rules/server/auth boundaries composition.js delegates world via getWorldFeature" name="feature contracts — world/rules/server/auth boundaries composition.js delegates world via getWorldFeature" time="0">
    </testcase>
    <testcase classname="feature contracts — world/rules/server/auth boundaries composition.js delegates rules via getRulesFeature" name="feature contracts — world/rules/server/auth boundaries composition.js delegates rules via getRulesFeature" time="0">
    </testcase>
    <testcase classname="feature contracts — world/rules/server/auth boundaries composition.js delegates server via getServerFeature" name="feature contracts — world/rules/server/auth boundaries composition.js delegates server via getServerFeature" time="0">
    </testcase>
    <testcase classname="feature contracts — world/rules/server/auth boundaries composition.js does not inline renderTimePanel" name="feature contracts — world/rules/server/auth boundaries composition.js does not inline renderTimePanel" time="0">
    </testcase>
    <testcase classname="feature contracts — world/rules/server/auth boundaries composition.js does not inline loadTelemetryPack" name="feature contracts — world/rules/server/auth boundaries composition.js does not inline loadTelemetryPack" time="0">
    </testcase>
    <testcase classname="feature contracts — world/rules/server/auth boundaries composition.js does not inline requireSession().then" name="feature contracts — world/rules/server/auth boundaries composition.js does not inline requireSession().then" time="0.001">
    </testcase>
    <testcase classname="feature contracts — deaths localisation and layout game-terms.js has entityExplosion entry with mob sprite" name="feature contracts — deaths localisation and layout game-terms.js has entityExplosion entry with mob sprite" time="0">
    </testcase>
    <testcase classname="feature contracts — deaths localisation and layout game-terms.js has skeleton entry with mob sprite" name="feature contracts — deaths localisation and layout game-terms.js has skeleton entry with mob sprite" time="0">
    </testcase>
    <testcase classname="feature contracts — deaths localisation and layout game-terms.js references craftcontrol-mobs.svg mob sprites" name="feature contracts — deaths localisation and layout game-terms.js references craftcontrol-mobs.svg mob sprites" time="0">
    </testcase>
    <testcase classname="feature contracts — deaths localisation and layout history.js has death-entry-header class" name="feature contracts — deaths localisation and layout history.js has death-entry-header class" time="0">
    </testcase>
    <testcase classname="feature contracts — deaths localisation and layout players.css has .death-source rule" name="feature contracts — deaths localisation and layout players.css has .death-source rule" time="0">
    </testcase>
    <testcase classname="feature contracts — deaths localisation and layout index.html has release-tags element" name="feature contracts — deaths localisation and layout index.html has release-tags element" time="0">
    </testcase>
  </testsuite>
  <testsuite name="analytics activity and deaths have a feature boundary" errors="0" failures="0" skipped="0" timestamp="2026-09-03T12:23:20" time="0.034" tests="15">
    <testcase classname="analytics activity and deaths have a feature boundary activity.js exports createActivityView" name="analytics activity and deaths have a feature boundary activity.js exports createActivityView" time="0">
    </testcase>
    <testcase classname="analytics activity and deaths have a feature boundary index.js imports activity.js with versioned query and delegates to activityView" name="analytics activity and deaths have a feature boundary index.js imports activity.js with versioned query and delegates to activityView" time="0">
    </testcase>
    <testcase classname="analytics activity and deaths have a feature boundary bundle does not inline analyticsEventsMarkup or showDeathDetails" name="analytics activity and deaths have a feature boundary bundle does not inline analyticsEventsMarkup or showDeathDetails" time="0">
    </testcase>
    <testcase classname="analytics activity and deaths have a feature boundary bundle imports analytics feature from versioned path" name="analytics activity and deaths have a feature boundary bundle imports analytics feature from versioned path" time="0">
    </testcase>
    <testcase classname="analytics has dedicated bilingual mobile workspace i18n catalogs contain bilingual activity and panel strings" name="analytics has dedicated bilingual mobile workspace i18n catalogs contain bilingual activity and panel strings" time="0.002">
    </testcase>
    <testcase classname="analytics has dedicated bilingual mobile workspace analytics JS contains view-switch tuples for all panels" name="analytics has dedicated bilingual mobile workspace analytics JS contains view-switch tuples for all panels" time="0.001">
    </testcase>
    <testcase classname="analytics has dedicated bilingual mobile workspace analytics.css has mobile layout and panel-specific selectors" name="analytics has dedicated bilingual mobile workspace analytics.css has mobile layout and panel-specific selectors" time="0.001">
    </testcase>
    <testcase classname="analytics has dedicated bilingual mobile workspace template includes analytics.css and analytics data attributes" name="analytics has dedicated bilingual mobile workspace template includes analytics.css and analytics data attributes" time="0">
    </testcase>
    <testcase classname="activity timeline loads incrementally and stops at the last page index.js implements intersection observer pagination without next-button" name="activity timeline loads incrementally and stops at the last page index.js implements intersection observer pagination without next-button" time="0">
    </testcase>
    <testcase classname="analytics panels are owned by separate feature modules rankings.js exports createRankingsPanel and index.js imports it with versioned path" name="analytics panels are owned by separate feature modules rankings.js exports createRankingsPanel and index.js imports it with versioned path" time="0">
    </testcase>
    <testcase classname="analytics panels are owned by separate feature modules blocks.js exports createBlocksPanel and index.js imports it with versioned path" name="analytics panels are owned by separate feature modules blocks.js exports createBlocksPanel and index.js imports it with versioned path" time="0">
    </testcase>
    <testcase classname="analytics panels are owned by separate feature modules combat.js exports createCombatPanel and index.js imports it with versioned path" name="analytics panels are owned by separate feature modules combat.js exports createCombatPanel and index.js imports it with versioned path" time="0">
    </testcase>
    <testcase classname="analytics panels are owned by separate feature modules exploration.js exports createExplorationPanel and index.js imports it with versioned path" name="analytics panels are owned by separate feature modules exploration.js exports createExplorationPanel and index.js imports it with versioned path" time="0">
    </testcase>
    <testcase classname="analytics panels are owned by separate feature modules trends.js exports createTrendsPanel and index.js imports it with versioned path" name="analytics panels are owned by separate feature modules trends.js exports createTrendsPanel and index.js imports it with versioned path" time="0">
    </testcase>
    <testcase classname="analytics panels are owned by separate feature modules bundle exports createAnalyticsFeature without inlining panel render functions" name="analytics panels are owned by separate feature modules bundle exports createAnalyticsFeature without inlining panel render functions" time="0">
    </testcase>
  </testsuite>
  <testsuite name="brand contracts — entrypoint structure" errors="0" failures="0" skipped="0" timestamp="2026-09-03T12:23:20" time="0.038" tests="28">
    <testcase classname="brand contracts — entrypoint structure app.js is only bootstrap and composition (≤5 lines)" name="brand contracts — entrypoint structure app.js is only bootstrap and composition (≤5 lines)" time="0">
    </testcase>
    <testcase classname="brand contracts — entrypoint structure app.js calls startApplication" name="brand contracts — entrypoint structure app.js calls startApplication" time="0.001">
    </testcase>
    <testcase classname="brand contracts — entrypoint structure composition.js exports createNavigation" name="brand contracts — entrypoint structure composition.js exports createNavigation" time="0">
    </testcase>
    <testcase classname="brand contracts — entrypoint structure composition.js exports connectInvalidation" name="brand contracts — entrypoint structure composition.js exports connectInvalidation" time="0">
    </testcase>
    <testcase classname="brand contracts — entrypoint structure settings feature exports createSettingsFeature" name="brand contracts — entrypoint structure settings feature exports createSettingsFeature" time="0">
    </testcase>
    <testcase classname="brand contracts — CSRF and API versioning api.js attaches X-CSRF-Token header" name="brand contracts — CSRF and API versioning api.js attaches X-CSRF-Token header" time="0.001">
    </testcase>
    <testcase classname="brand contracts — CSRF and API versioning api.js validates csrf_token type" name="brand contracts — CSRF and API versioning api.js validates csrf_token type" time="0">
    </testcase>
    <testcase classname="brand contracts — CSRF and API versioning composition.js references api.js?v=7" name="brand contracts — CSRF and API versioning composition.js references api.js?v=7" time="0">
    </testcase>
    <testcase classname="brand contracts — CSRF and API versioning auth.js references api.js?v=7" name="brand contracts — CSRF and API versioning auth.js references api.js?v=7" time="0">
    </testcase>
    <testcase classname="brand contracts — mobile scroll behaviour app.css sets overscroll-behavior-y: none" name="brand contracts — mobile scroll behaviour app.css sets overscroll-behavior-y: none" time="0.001">
    </testcase>
    <testcase classname="brand contracts — mobile scroll behaviour app.css sets min-height: 100dvh" name="brand contracts — mobile scroll behaviour app.css sets min-height: 100dvh" time="0">
    </testcase>
    <testcase classname="brand contracts — mobile scroll behaviour app.css sets overflow-x: clip" name="brand contracts — mobile scroll behaviour app.css sets overflow-x: clip" time="0">
    </testcase>
    <testcase classname="brand contracts — mobile scroll behaviour navigation.js scrolls to top on tab change" name="brand contracts — mobile scroll behaviour navigation.js scrolls to top on tab change" time="0.001">
    </testcase>
    <testcase classname="brand contracts — mobile scroll behaviour index.html references app.css?v=28" name="brand contracts — mobile scroll behaviour index.html references app.css?v=28" time="0">
    </testcase>
    <testcase classname="brand contracts — mobile scroll behaviour index.html references app.js?v=71" name="brand contracts — mobile scroll behaviour index.html references app.js?v=71" time="0">
    </testcase>
    <testcase classname="brand contracts — core module ownership (state and dom) composition.js imports from core/state.js?v=7" name="brand contracts — core module ownership (state and dom) composition.js imports from core/state.js?v=7" time="0">
    </testcase>
    <testcase classname="brand contracts — core module ownership (state and dom) composition.js imports from core/dom.js?v=7" name="brand contracts — core module ownership (state and dom) composition.js imports from core/dom.js?v=7" time="0">
    </testcase>
    <testcase classname="brand contracts — core module ownership (state and dom) core/state.js exports state" name="brand contracts — core module ownership (state and dom) core/state.js exports state" time="0">
    </testcase>
    <testcase classname="brand contracts — core module ownership (state and dom) core/dom.js exports escapeHtml" name="brand contracts — core module ownership (state and dom) core/dom.js exports escapeHtml" time="0">
    </testcase>
    <testcase classname="brand contracts — core module ownership (state and dom) composition.js does not inline state" name="brand contracts — core module ownership (state and dom) composition.js does not inline state" time="0">
    </testcase>
    <testcase classname="brand contracts — core module ownership (state and dom) composition.js does not inline escapeHtml" name="brand contracts — core module ownership (state and dom) composition.js does not inline escapeHtml" time="0">
    </testcase>
    <testcase classname="brand contracts — component module ownership (feedback and time) composition.js imports from components/feedback.js?v=7" name="brand contracts — component module ownership (feedback and time) composition.js imports from components/feedback.js?v=7" time="0.001">
    </testcase>
    <testcase classname="brand contracts — component module ownership (feedback and time) composition.js imports from components/time.js?v=9" name="brand contracts — component module ownership (feedback and time) composition.js imports from components/time.js?v=9" time="0">
    </testcase>
    <testcase classname="brand contracts — component module ownership (feedback and time) components/feedback.js exports toast" name="brand contracts — component module ownership (feedback and time) components/feedback.js exports toast" time="0">
    </testcase>
    <testcase classname="brand contracts — component module ownership (feedback and time) components/time.js exports timelineTimestamp" name="brand contracts — component module ownership (feedback and time) components/time.js exports timelineTimestamp" time="0">
    </testcase>
    <testcase classname="brand contracts — component module ownership (feedback and time) components/time.js exports formatDuration" name="brand contracts — component module ownership (feedback and time) components/time.js exports formatDuration" time="0">
    </testcase>
    <testcase classname="brand contracts — component module ownership (feedback and time) composition.js does not inline toast" name="brand contracts — component module ownership (feedback and time) composition.js does not inline toast" time="0">
    </testcase>
    <testcase classname="brand contracts — component module ownership (feedback and time) composition.js does not inline formatDuration" name="brand contracts — component module ownership (feedback and time) composition.js does not inline formatDuration" time="0">
    </testcase>
  </testsuite>
  <testsuite name="auth contracts — password toggle accessibility" errors="0" failures="0" skipped="0" timestamp="2026-09-03T12:23:20" time="0.03" tests="18">
    <testcase classname="auth contracts — password toggle accessibility auth.js has password-toggle class" name="auth contracts — password toggle accessibility auth.js has password-toggle class" time="0.001">
    </testcase>
    <testcase classname="auth contracts — password toggle accessibility auth.js uses aria-pressed on the toggle button" name="auth contracts — password toggle accessibility auth.js uses aria-pressed on the toggle button" time="0">
    </testcase>
    <testcase classname="auth contracts — password toggle accessibility auth.js renders class=&quot;auth-switch&quot; for login/claim navigation" name="auth contracts — password toggle accessibility auth.js renders class=&quot;auth-switch&quot; for login/claim navigation" time="0">
    </testcase>
    <testcase classname="auth contracts — password toggle accessibility auth.js separates login and claim forms (no hidden claim form id)" name="auth contracts — password toggle accessibility auth.js separates login and claim forms (no hidden claim form id)" time="0.001">
    </testcase>
    <testcase classname="auth contracts — password toggle accessibility auth.js uses words.claimTitle for the claim screen heading" name="auth contracts — password toggle accessibility auth.js uses words.claimTitle for the claim screen heading" time="0">
    </testcase>
    <testcase classname="auth contracts — password toggle accessibility auth.js derives the form from the claim flag (login/claim branch)" name="auth contracts — password toggle accessibility auth.js derives the form from the claim flag (login/claim branch)" time="0">
    </testcase>
    <testcase classname="auth contracts — password toggle accessibility auth.js accesses the form via overlay.querySelector" name="auth contracts — password toggle accessibility auth.js accesses the form via overlay.querySelector" time="0">
    </testcase>
    <testcase classname="auth contracts — password toggle accessibility auth.js includes PT showPassword translation" name="auth contracts — password toggle accessibility auth.js includes PT showPassword translation" time="0">
    </testcase>
    <testcase classname="auth contracts — password toggle accessibility auth.js includes EN showPassword translation" name="auth contracts — password toggle accessibility auth.js includes EN showPassword translation" time="0">
    </testcase>
    <testcase classname="auth contracts — password toggle accessibility auth.js includes ES showPassword translation" name="auth contracts — password toggle accessibility auth.js includes ES showPassword translation" time="0">
    </testcase>
    <testcase classname="auth contracts — password toggle accessibility auth.css hides form[hidden] inside auth-card" name="auth contracts — password toggle accessibility auth.css hides form[hidden] inside auth-card" time="0">
    </testcase>
    <testcase classname="auth contracts — password toggle accessibility auth.css defines .password-toggle style" name="auth contracts — password toggle accessibility auth.css defines .password-toggle style" time="0">
    </testcase>
    <testcase classname="auth contracts — ui-eye icon in SVG sprite craftcontrol-ui.svg contains ui-eye symbol" name="auth contracts — ui-eye icon in SVG sprite craftcontrol-ui.svg contains ui-eye symbol" time="0.001">
    </testcase>
    <testcase classname="auth contracts — account workspace usability identity actions use distinct original password and sessions icons" name="auth contracts — account workspace usability identity actions use distinct original password and sessions icons" time="0">
    </testcase>
    <testcase classname="auth contracts — account workspace usability keeps account action icons touch-sized when their labels collapse" name="auth contracts — account workspace usability keeps account action icons touch-sized when their labels collapse" time="0">
    </testcase>
    <testcase classname="auth contracts — account workspace usability keeps the localized sessions label available to assistive technology" name="auth contracts — account workspace usability keeps the localized sessions label available to assistive technology" time="0">
    </testcase>
    <testcase classname="auth contracts — account workspace usability formats inactive session dates in the selected interface locale" name="auth contracts — account workspace usability formats inactive session dates in the selected interface locale" time="0">
    </testcase>
    <testcase classname="auth contracts — account workspace usability renders session cards with separated metadata and revoke actions" name="auth contracts — account workspace usability renders session cards with separated metadata and revoke actions" time="0">
    </testcase>
  </testsuite>
</testsuites>