TN:
SF:static/js/api.js
FN:3,safeJson
FN:8,refreshCsrfToken
FN:19,api
FNF:3
FNH:0
FNDA:0,safeJson
FNDA:0,refreshCsrfToken
FNDA:0,api
DA:1,0
DA:4,0
DA:5,0
DA:9,0
DA:10,0
DA:11,0
DA:12,0
DA:13,0
DA:14,0
DA:16,0
DA:20,0
DA:21,0
DA:22,0
DA:23,0
DA:24,0
DA:25,0
DA:26,0
DA:30,0
DA:31,0
DA:32,0
DA:33,0
DA:34,0
DA:35,0
DA:37,0
DA:38,0
DA:39,0
DA:40,0
DA:42,0
LF:28
LH:0
BRDA:4,0,0,0
BRDA:4,0,1,0
BRDA:4,1,0,0
BRDA:4,1,1,0
BRDA:11,2,0,0
BRDA:11,2,1,0
BRDA:11,3,0,0
BRDA:11,3,1,0
BRDA:12,4,0,0
BRDA:12,4,1,0
BRDA:19,5,0,0
BRDA:19,6,0,0
BRDA:20,7,0,0
BRDA:20,7,1,0
BRDA:22,8,0,0
BRDA:22,8,1,0
BRDA:23,9,0,0
BRDA:23,9,1,0
BRDA:23,10,0,0
BRDA:23,10,1,0
BRDA:24,11,0,0
BRDA:24,11,1,0
BRDA:25,12,0,0
BRDA:25,12,1,0
BRDA:25,13,0,0
BRDA:25,13,1,0
BRDA:31,14,0,0
BRDA:31,14,1,0
BRDA:32,15,0,0
BRDA:32,15,1,0
BRDA:33,16,0,0
BRDA:33,16,1,0
BRDA:33,17,0,0
BRDA:33,17,1,0
BRDA:33,17,2,0
BRDA:33,17,3,0
BRDA:37,18,0,0
BRDA:37,18,1,0
BRF:38
BRH:0
end_of_record
TN:
SF:static/js/events.js
FN:3,connectEventStream
FN:6,(anonymous_1)
FN:7,(anonymous_2)
FNF:3
FNH:0
FNDA:0,connectEventStream
FNDA:0,(anonymous_1)
FNDA:0,(anonymous_2)
DA:1,0
DA:4,0
DA:5,0
DA:6,0
DA:7,0
DA:10,0
LF:6
LH:0
BRDA:4,0,0,0
BRDA:4,0,1,0
BRF:2
BRH:0
end_of_record
TN:
SF:static/js/components/feedback.js
FN:5,toast
FN:11,(anonymous_1)
FNF:2
FNH:0
FNDA:0,toast
FNDA:0,(anonymous_1)
DA:3,0
DA:6,0
DA:7,0
DA:8,0
DA:9,0
DA:10,0
DA:11,0
LF:7
LH:0
BRDA:5,0,0,0
BRDA:8,1,0,0
BRDA:8,1,1,0
BRF:3
BRH:0
end_of_record
TN:
SF:static/js/components/time.js
FN:3,dateFromTimestamp
FN:17,formatDate
FN:23,timelineTimestamp
FN:31,formatDuration
FN:37,sessionMoment
FNF:5
FNH:0
FNDA:0,dateFromTimestamp
FNDA:0,formatDate
FNDA:0,timelineTimestamp
FNDA:0,formatDuration
FNDA:0,sessionMoment
DA:4,0
DA:6,0
DA:7,0
DA:8,0
DA:13,0
DA:14,0
DA:18,0
DA:19,0
DA:20,0
DA:24,0
DA:25,0
DA:26,0
DA:27,0
DA:28,0
DA:32,0
DA:33,0
DA:34,0
DA:38,0
DA:39,0
DA:40,0
DA:41,0
DA:42,0
LF:22
LH:0
BRDA:4,0,0,0
BRDA:4,0,1,0
BRDA:6,1,0,0
BRDA:6,1,1,0
BRDA:8,2,0,0
BRDA:8,2,1,0
BRDA:9,3,0,0
BRDA:9,3,1,0
BRDA:10,4,0,0
BRDA:10,4,1,0
BRDA:14,5,0,0
BRDA:14,5,1,0
BRDA:19,6,0,0
BRDA:19,6,1,0
BRDA:25,7,0,0
BRDA:25,7,1,0
BRDA:32,8,0,0
BRDA:32,8,1,0
BRDA:34,9,0,0
BRDA:34,9,1,0
BRDA:39,10,0,0
BRDA:39,10,1,0
BRF:22
BRH:0
end_of_record
TN:
SF:static/js/core/dom.js
FN:1,(anonymous_0)
FN:3,escapeHtml
FN:4,(anonymous_2)
FNF:3
FNH:0
FNDA:0,(anonymous_0)
FNDA:0,escapeHtml
FNDA:0,(anonymous_2)
DA:1,0
DA:4,0
LF:2
LH:0
BRDA:1,0,0,0
BRDA:4,1,0,0
BRDA:4,1,1,0
BRF:3
BRH:0
end_of_record
TN:
SF:static/js/core/invalidation.js
FN:1,connectInvalidation
FN:4,(anonymous_1)
FN:9,(anonymous_2)
FNF:3
FNH:0
FNDA:0,connectInvalidation
FNDA:0,(anonymous_1)
FNDA:0,(anonymous_2)
DA:2,0
DA:3,0
DA:4,0
DA:5,0
DA:6,0
DA:7,0
DA:8,0
DA:9,0
DA:10,0
DA:11,0
DA:12,0
DA:13,0
LF:12
LH:0
BRDA:1,0,0,0
BRDA:1,1,0,0
BRDA:5,2,0,0
BRDA:5,2,1,0
BRDA:6,3,0,0
BRDA:6,3,1,0
BRDA:6,4,0,0
BRDA:6,4,1,0
BRDA:7,5,0,0
BRDA:7,5,1,0
BRDA:13,6,0,0
BRDA:13,6,1,0
BRF:12
BRH:0
end_of_record
TN:
SF:static/js/core/navigation.js
FN:3,createNavigation
FN:6,resetVerticalScroll
FN:10,renderTabs
FN:15,(anonymous_3)
FN:22,(anonymous_4)
FN:31,openPlayers
FNF:6
FNH:0
FNDA:0,createNavigation
FNDA:0,resetVerticalScroll
FNDA:0,renderTabs
FNDA:0,(anonymous_3)
FNDA:0,(anonymous_4)
FNDA:0,openPlayers
DA:4,0
DA:7,0
DA:11,0
DA:12,0
DA:13,0
DA:14,0
DA:15,0
DA:16,0
DA:17,0
DA:18,0
DA:19,0
DA:20,0
DA:21,0
DA:22,0
DA:23,0
DA:24,0
DA:25,0
DA:27,0
DA:32,0
DA:33,0
DA:34,0
DA:37,0
LF:22
LH:0
BRDA:11,0,0,0
BRDA:11,0,1,0
BRDA:11,1,0,0
BRDA:11,1,1,0
BRDA:18,2,0,0
BRDA:18,2,1,0
BRDA:21,3,0,0
BRDA:21,3,1,0
BRDA:23,4,0,0
BRDA:23,4,1,0
BRF:10
BRH:0
end_of_record
TN:
SF:static/js/core/render.js
FN:1,renderMarkup
FN:11,renderTemplate
FNF:2
FNH:0
FNDA:0,renderMarkup
FNDA:0,renderTemplate
DA:2,0
DA:3,0
DA:4,0
DA:5,0
DA:7,0
DA:8,0
DA:12,0
DA:13,0
DA:14,0
DA:15,0
DA:16,0
DA:17,0
LF:12
LH:0
BRDA:2,0,0,0
BRDA:2,0,1,0
BRDA:3,1,0,0
BRDA:3,1,1,0
BRDA:13,2,0,0
BRDA:13,2,1,0
BRF:6
BRH:0
end_of_record
TN:
SF:static/js/core/route.js
FN:11,(anonymous_0)
FN:13,tabFromLocation
FN:18,persistTab
FNF:3
FNH:0
FNDA:0,(anonymous_0)
FNDA:0,tabFromLocation
FNDA:0,persistTab
DA:1,0
DA:11,0
DA:14,0
DA:15,0
DA:19,0
DA:20,0
DA:21,0
LF:7
LH:0
BRDA:13,0,0,0
BRDA:14,1,0,0
BRDA:14,1,1,0
BRDA:15,2,0,0
BRDA:15,2,1,0
BRDA:18,3,0,0
BRDA:18,4,0,0
BRDA:19,5,0,0
BRDA:19,5,1,0
BRDA:21,6,0,0
BRDA:21,6,1,0
BRF:11
BRH:0
end_of_record
TN:
SF:static/js/core/state.js
FN:5,createState
FN:11,(anonymous_1)
FN:14,(anonymous_2)
FN:18,(anonymous_3)
FN:23,(anonymous_4)
FN:25,(anonymous_5)
FN:31,(anonymous_6)
FN:31,(anonymous_7)
FN:39,(anonymous_8)
FNF:9
FNH:0
FNDA:0,createState
FNDA:0,(anonymous_1)
FNDA:0,(anonymous_2)
FNDA:0,(anonymous_3)
FNDA:0,(anonymous_4)
FNDA:0,(anonymous_5)
FNDA:0,(anonymous_6)
FNDA:0,(anonymous_7)
FNDA:0,(anonymous_8)
DA:3,0
DA:6,0
DA:7,0
DA:8,0
DA:9,0
DA:11,0
DA:12,0
DA:13,0
DA:14,0
DA:17,0
DA:19,0
DA:20,0
DA:21,0
DA:22,0
DA:23,0
DA:26,0
DA:27,0
DA:29,0
DA:30,0
DA:31,0
DA:32,0
DA:38,0
DA:40,0
DA:41,0
DA:42,0
DA:43,0
DA:48,0
LF:27
LH:0
BRDA:3,0,0,0
BRDA:3,0,1,0
BRDA:12,1,0,0
BRDA:12,1,1,0
BRDA:13,2,0,0
BRDA:13,2,1,0
BRDA:19,3,0,0
BRDA:19,3,1,0
BRDA:20,4,0,0
BRDA:20,4,1,0
BRDA:30,5,0,0
BRDA:30,5,1,0
BRDA:52,6,0,0
BRDA:52,6,1,0
BRF:14
BRH:0
end_of_record
TN:
SF:static/js/features/analytics/activity.js
FN:14,createActivityView
FN:15,(anonymous_1)
FN:18,(anonymous_2)
FN:29,(anonymous_3)
FN:31,(anonymous_4)
FN:34,(anonymous_5)
FN:36,(anonymous_6)
FN:43,(anonymous_7)
FNF:8
FNH:0
FNDA:0,createActivityView
FNDA:0,(anonymous_1)
FNDA:0,(anonymous_2)
FNDA:0,(anonymous_3)
FNDA:0,(anonymous_4)
FNDA:0,(anonymous_5)
FNDA:0,(anonymous_6)
FNDA:0,(anonymous_7)
DA:3,0
DA:15,0
DA:18,0
DA:19,0
DA:20,0
DA:21,0
DA:22,0
DA:23,0
DA:24,0
DA:25,0
DA:26,0
DA:27,0
DA:28,0
DA:29,0
DA:30,0
DA:31,0
DA:34,0
DA:35,0
DA:36,0
DA:37,0
DA:38,0
DA:39,0
DA:43,0
DA:44,0
DA:45,0
DA:46,0
DA:47,0
DA:48,0
DA:51,0
LF:29
LH:0
BRDA:15,0,0,0
BRDA:15,0,1,0
BRDA:19,1,0,0
BRDA:19,1,1,0
BRDA:21,2,0,0
BRDA:21,2,1,0
BRDA:22,3,0,0
BRDA:22,3,1,0
BRDA:23,4,0,0
BRDA:23,4,1,0
BRDA:24,5,0,0
BRDA:24,5,1,0
BRDA:25,6,0,0
BRDA:25,6,1,0
BRDA:25,7,0,0
BRDA:25,7,1,0
BRDA:25,8,0,0
BRDA:25,8,1,0
BRDA:26,9,0,0
BRDA:26,9,1,0
BRDA:27,10,0,0
BRDA:27,10,1,0
BRDA:28,11,0,0
BRDA:28,11,1,0
BRDA:29,12,0,0
BRDA:29,12,1,0
BRDA:29,13,0,0
BRDA:29,13,1,0
BRDA:29,14,0,0
BRDA:29,14,1,0
BRDA:30,15,0,0
BRDA:30,15,1,0
BRDA:30,16,0,0
BRDA:30,16,1,0
BRDA:30,17,0,0
BRDA:30,17,1,0
BRDA:31,18,0,0
BRDA:31,18,1,0
BRDA:31,19,0,0
BRDA:31,19,1,0
BRDA:35,20,0,0
BRDA:35,20,1,0
BRDA:38,21,0,0
BRDA:38,21,1,0
BRDA:39,22,0,0
BRDA:39,22,1,0
BRDA:39,23,0,0
BRDA:39,23,1,0
BRDA:39,24,0,0
BRDA:39,24,1,0
BRDA:39,25,0,0
BRDA:39,25,1,0
BRDA:46,26,0,0
BRDA:46,26,1,0
BRDA:47,27,0,0
BRDA:47,27,1,0
BRF:56
BRH:0
end_of_record
TN:
SF:static/js/features/analytics/blocks.js
FN:3,createBlocksPanel
FN:5,blockLeaderboard
FN:6,(anonymous_2)
FN:9,playerBlockRanking
FN:10,(anonymous_4)
FN:13,renderBlocksPanel
FN:17,(anonymous_6)
FN:22,(anonymous_7)
FN:23,(anonymous_8)
FN:27,(anonymous_9)
FN:27,(anonymous_10)
FN:27,(anonymous_11)
FN:27,(anonymous_12)
FN:28,(anonymous_13)
FN:28,(anonymous_14)
FN:31,(anonymous_15)
FN:31,(anonymous_16)
FN:33,(anonymous_17)
FNF:18
FNH:0
FNDA:0,createBlocksPanel
FNDA:0,blockLeaderboard
FNDA:0,(anonymous_2)
FNDA:0,playerBlockRanking
FNDA:0,(anonymous_4)
FNDA:0,renderBlocksPanel
FNDA:0,(anonymous_6)
FNDA:0,(anonymous_7)
FNDA:0,(anonymous_8)
FNDA:0,(anonymous_9)
FNDA:0,(anonymous_10)
FNDA:0,(anonymous_11)
FNDA:0,(anonymous_12)
FNDA:0,(anonymous_13)
FNDA:0,(anonymous_14)
FNDA:0,(anonymous_15)
FNDA:0,(anonymous_16)
FNDA:0,(anonymous_17)
DA:4,0
DA:6,0
DA:10,0
DA:13,0
DA:14,0
DA:16,0
DA:17,0
DA:18,0
DA:19,0
DA:20,0
DA:21,0
DA:22,0
DA:23,0
DA:24,0
DA:25,0
DA:26,0
DA:27,0
DA:28,0
DA:29,0
DA:31,0
DA:32,0
DA:33,0
DA:34,0
DA:36,0
DA:37,0
LF:25
LH:0
BRDA:6,0,0,0
BRDA:6,0,1,0
BRDA:10,1,0,0
BRDA:10,1,1,0
BRDA:16,2,0,0
BRDA:16,2,1,0
BRDA:16,3,0,0
BRDA:16,3,1,0
BRDA:22,4,0,0
BRDA:22,4,1,0
BRDA:23,5,0,0
BRDA:23,5,1,0
BRDA:23,6,0,0
BRDA:23,6,1,0
BRDA:24,7,0,0
BRDA:24,7,1,0
BRDA:24,8,0,0
BRDA:24,8,1,0
BRDA:24,9,0,0
BRDA:24,9,1,0
BRDA:25,10,0,0
BRDA:25,10,1,0
BRDA:25,11,0,0
BRDA:25,11,1,0
BRDA:25,12,0,0
BRDA:25,12,1,0
BRDA:26,13,0,0
BRDA:26,13,1,0
BRDA:27,14,0,0
BRDA:27,14,1,0
BRDA:27,15,0,0
BRDA:27,15,1,0
BRDA:27,16,0,0
BRDA:27,16,1,0
BRDA:27,17,0,0
BRDA:27,17,1,0
BRDA:27,18,0,0
BRDA:27,18,1,0
BRDA:27,19,0,0
BRDA:27,19,1,0
BRDA:27,20,0,0
BRDA:27,20,1,0
BRDA:27,21,0,0
BRDA:27,21,1,0
BRDA:27,22,0,0
BRDA:27,22,1,0
BRDA:27,23,0,0
BRDA:27,23,1,0
BRF:48
BRH:0
end_of_record
TN:
SF:static/js/features/analytics/combat.js
FN:3,createCombatPanel
FN:12,combatBreakdown
FN:14,(anonymous_2)
FN:17,combatPlayerRanking
FN:18,(anonymous_4)
FN:21,renderCombatPanel
FN:25,(anonymous_6)
FN:33,(anonymous_7)
FN:33,(anonymous_8)
FN:33,(anonymous_9)
FN:33,(anonymous_10)
FN:33,(anonymous_11)
FN:33,(anonymous_12)
FN:33,(anonymous_13)
FN:34,(anonymous_14)
FN:34,(anonymous_15)
FNF:16
FNH:0
FNDA:0,createCombatPanel
FNDA:0,combatBreakdown
FNDA:0,(anonymous_2)
FNDA:0,combatPlayerRanking
FNDA:0,(anonymous_4)
FNDA:0,renderCombatPanel
FNDA:0,(anonymous_6)
FNDA:0,(anonymous_7)
FNDA:0,(anonymous_8)
FNDA:0,(anonymous_9)
FNDA:0,(anonymous_10)
FNDA:0,(anonymous_11)
FNDA:0,(anonymous_12)
FNDA:0,(anonymous_13)
FNDA:0,(anonymous_14)
FNDA:0,(anonymous_15)
DA:4,0
DA:13,0
DA:14,0
DA:18,0
DA:21,0
DA:22,0
DA:24,0
DA:25,0
DA:26,0
DA:27,0
DA:28,0
DA:29,0
DA:30,0
DA:31,0
DA:32,0
DA:33,0
DA:34,0
DA:35,0
DA:37,0
DA:38,0
LF:20
LH:0
BRDA:13,0,0,0
BRDA:13,0,1,0
BRDA:14,1,0,0
BRDA:14,1,1,0
BRDA:18,2,0,0
BRDA:18,2,1,0
BRDA:29,3,0,0
BRDA:29,3,1,0
BRDA:30,4,0,0
BRDA:30,4,1,0
BRDA:31,5,0,0
BRDA:31,5,1,0
BRDA:32,6,0,0
BRDA:32,6,1,0
BRDA:33,7,0,0
BRDA:33,7,1,0
BRDA:33,8,0,0
BRDA:33,8,1,0
BRDA:33,9,0,0
BRDA:33,9,1,0
BRDA:33,10,0,0
BRDA:33,10,1,0
BRDA:33,11,0,0
BRDA:33,11,1,0
BRDA:33,12,0,0
BRDA:33,12,1,0
BRDA:33,13,0,0
BRDA:33,13,1,0
BRDA:33,14,0,0
BRDA:33,14,1,0
BRDA:33,15,0,0
BRDA:33,15,1,0
BRDA:33,16,0,0
BRDA:33,16,1,0
BRDA:33,17,0,0
BRDA:33,17,1,0
BRDA:33,18,0,0
BRDA:33,18,1,0
BRDA:33,19,0,0
BRDA:33,19,1,0
BRDA:33,20,0,0
BRDA:33,20,1,0
BRDA:33,21,0,0
BRDA:33,21,1,0
BRF:44
BRH:0
end_of_record
TN:
SF:static/js/features/analytics/exploration.js
FN:3,createExplorationPanel
FN:12,explorationRanking
FN:13,(anonymous_2)
FN:16,renderExplorationPanel
FN:20,(anonymous_4)
FN:28,(anonymous_5)
FN:28,(anonymous_6)
FN:28,(anonymous_7)
FN:28,(anonymous_8)
FN:28,(anonymous_9)
FN:28,(anonymous_10)
FN:28,(anonymous_11)
FN:29,(anonymous_12)
FN:29,(anonymous_13)
FNF:14
FNH:0
FNDA:0,createExplorationPanel
FNDA:0,explorationRanking
FNDA:0,(anonymous_2)
FNDA:0,renderExplorationPanel
FNDA:0,(anonymous_4)
FNDA:0,(anonymous_5)
FNDA:0,(anonymous_6)
FNDA:0,(anonymous_7)
FNDA:0,(anonymous_8)
FNDA:0,(anonymous_9)
FNDA:0,(anonymous_10)
FNDA:0,(anonymous_11)
FNDA:0,(anonymous_12)
FNDA:0,(anonymous_13)
DA:4,0
DA:13,0
DA:16,0
DA:17,0
DA:19,0
DA:20,0
DA:21,0
DA:22,0
DA:23,0
DA:24,0
DA:25,0
DA:26,0
DA:27,0
DA:28,0
DA:29,0
DA:30,0
DA:32,0
DA:33,0
LF:18
LH:0
BRDA:13,0,0,0
BRDA:13,0,1,0
BRDA:24,1,0,0
BRDA:24,1,1,0
BRDA:25,2,0,0
BRDA:25,2,1,0
BRDA:26,3,0,0
BRDA:26,3,1,0
BRDA:28,4,0,0
BRDA:28,4,1,0
BRDA:28,5,0,0
BRDA:28,5,1,0
BRDA:28,6,0,0
BRDA:28,6,1,0
BRDA:28,7,0,0
BRDA:28,7,1,0
BRDA:28,8,0,0
BRDA:28,8,1,0
BRDA:28,9,0,0
BRDA:28,9,1,0
BRDA:28,10,0,0
BRDA:28,10,1,0
BRDA:28,11,0,0
BRDA:28,11,1,0
BRDA:28,12,0,0
BRDA:28,12,1,0
BRDA:28,13,0,0
BRDA:28,13,1,0
BRF:28
BRH:0
end_of_record
TN:
SF:static/js/features/analytics/health.js
FN:1,el
FN:7,text
FN:14,icon
FN:19,statCard
FN:27,healthBadge
FN:33,capabilityRow
FN:45,createHealthPanel
FN:46,renderHealthPanel
FN:74,(anonymous_8)
FN:171,(anonymous_9)
FNF:10
FNH:0
FNDA:0,el
FNDA:0,text
FNDA:0,icon
FNDA:0,statCard
FNDA:0,healthBadge
FNDA:0,capabilityRow
FNDA:0,createHealthPanel
FNDA:0,renderHealthPanel
FNDA:0,(anonymous_8)
FNDA:0,(anonymous_9)
DA:2,0
DA:3,0
DA:4,0
DA:8,0
DA:9,0
DA:10,0
DA:11,0
DA:15,0
DA:16,0
DA:20,0
DA:21,0
DA:22,0
DA:23,0
DA:24,0
DA:28,0
DA:29,0
DA:30,0
DA:34,0
DA:35,0
DA:36,0
DA:37,0
DA:38,0
DA:39,0
DA:40,0
DA:41,0
DA:42,0
DA:46,0
DA:47,0
DA:49,0
DA:50,0
DA:51,0
DA:52,0
DA:54,0
DA:55,0
DA:56,0
DA:57,0
DA:58,0
DA:59,0
DA:60,0
DA:61,0
DA:62,0
DA:63,0
DA:64,0
DA:65,0
DA:67,0
DA:68,0
DA:69,0
DA:71,0
DA:72,0
DA:74,0
DA:75,0
DA:78,0
DA:79,0
DA:84,0
DA:85,0
DA:86,0
DA:87,0
DA:88,0
DA:89,0
DA:91,0
DA:92,0
DA:93,0
DA:94,0
DA:95,0
DA:98,0
DA:100,0
DA:101,0
DA:102,0
DA:103,0
DA:104,0
DA:105,0
DA:106,0
DA:107,0
DA:108,0
DA:109,0
DA:110,0
DA:112,0
DA:113,0
DA:114,0
DA:115,0
DA:117,0
DA:119,0
DA:120,0
DA:121,0
DA:122,0
DA:123,0
DA:125,0
DA:126,0
DA:127,0
DA:128,0
DA:129,0
DA:130,0
DA:131,0
DA:139,0
DA:140,0
DA:142,0
DA:143,0
DA:144,0
DA:145,0
DA:146,0
DA:147,0
DA:148,0
DA:156,0
DA:157,0
DA:159,0
DA:162,0
DA:163,0
DA:164,0
DA:165,0
DA:166,0
DA:167,0
DA:168,0
DA:169,0
DA:170,0
DA:171,0
DA:172,0
DA:173,0
DA:176,0
DA:178,0
DA:179,0
DA:180,0
DA:184,0
DA:185,0
LF:123
LH:0
BRDA:1,0,0,0
BRDA:3,1,0,0
BRDA:3,1,1,0
BRDA:7,2,0,0
BRDA:9,3,0,0
BRDA:9,3,1,0
BRDA:19,4,0,0
BRDA:23,5,0,0
BRDA:23,5,1,0
BRDA:29,6,0,0
BRDA:29,6,1,0
BRDA:35,7,0,0
BRDA:35,7,1,0
BRDA:35,7,2,0
BRDA:36,8,0,0
BRDA:36,8,1,0
BRDA:40,9,0,0
BRDA:40,9,1,0
BRDA:84,10,0,0
BRDA:84,10,1,0
BRDA:85,11,0,0
BRDA:85,11,1,0
BRDA:86,12,0,0
BRDA:86,12,1,0
BRDA:87,13,0,0
BRDA:87,13,1,0
BRDA:88,14,0,0
BRDA:88,14,1,0
BRDA:89,15,0,0
BRDA:89,15,1,0
BRDA:91,16,0,0
BRDA:91,16,1,0
BRDA:91,17,0,0
BRDA:91,17,1,0
BRDA:107,18,0,0
BRDA:107,18,1,0
BRDA:112,19,0,0
BRDA:112,19,1,0
BRDA:137,20,0,0
BRDA:137,20,1,0
BRDA:151,21,0,0
BRDA:151,21,1,0
BRDA:152,22,0,0
BRDA:152,22,1,0
BRDA:153,23,0,0
BRDA:153,23,1,0
BRDA:154,24,0,0
BRDA:154,24,1,0
BRDA:159,25,0,0
BRDA:159,25,1,0
BRDA:159,26,0,0
BRDA:159,26,1,0
BRDA:163,27,0,0
BRDA:163,27,1,0
BRDA:166,28,0,0
BRDA:166,28,1,0
BRF:56
BRH:0
end_of_record
TN:
SF:static/js/features/analytics/index.js
FN:10,createAnalyticsFeature
FN:12,(anonymous_1)
FN:14,(anonymous_2)
FN:16,(anonymous_3)
FN:17,(anonymous_4)
FN:17,(anonymous_5)
FN:34,(anonymous_6)
FN:39,renderAnalyticsPanel
FN:66,(anonymous_8)
FN:72,(anonymous_9)
FN:84,(anonymous_10)
FN:103,(anonymous_11)
FN:103,(anonymous_12)
FN:104,(anonymous_13)
FN:104,(anonymous_14)
FN:107,(anonymous_15)
FN:113,(anonymous_16)
FN:114,(anonymous_17)
FN:126,(anonymous_18)
FN:133,(anonymous_19)
FN:134,(anonymous_20)
FN:136,(anonymous_21)
FN:137,(anonymous_22)
FN:139,(anonymous_23)
FNF:24
FNH:0
FNDA:0,createAnalyticsFeature
FNDA:0,(anonymous_1)
FNDA:0,(anonymous_2)
FNDA:0,(anonymous_3)
FNDA:0,(anonymous_4)
FNDA:0,(anonymous_5)
FNDA:0,(anonymous_6)
FNDA:0,renderAnalyticsPanel
FNDA:0,(anonymous_8)
FNDA:0,(anonymous_9)
FNDA:0,(anonymous_10)
FNDA:0,(anonymous_11)
FNDA:0,(anonymous_12)
FNDA:0,(anonymous_13)
FNDA:0,(anonymous_14)
FNDA:0,(anonymous_15)
FNDA:0,(anonymous_16)
FNDA:0,(anonymous_17)
FNDA:0,(anonymous_18)
FNDA:0,(anonymous_19)
FNDA:0,(anonymous_20)
FNDA:0,(anonymous_21)
FNDA:0,(anonymous_22)
FNDA:0,(anonymous_23)
DA:11,0
DA:12,0
DA:13,0
DA:14,0
DA:16,0
DA:17,0
DA:18,0
DA:19,0
DA:20,0
DA:23,0
DA:24,0
DA:25,0
DA:26,0
DA:27,0
DA:28,0
DA:29,0
DA:30,0
DA:31,0
DA:32,0
DA:34,0
DA:35,0
DA:36,0
DA:40,0
DA:41,0
DA:42,0
DA:43,0
DA:44,0
DA:46,0
DA:47,0
DA:48,0
DA:50,0
DA:51,0
DA:52,0
DA:54,0
DA:55,0
DA:56,0
DA:58,0
DA:59,0
DA:60,0
DA:62,0
DA:63,0
DA:64,0
DA:66,0
DA:67,0
DA:68,0
DA:69,0
DA:71,0
DA:72,0
DA:73,0
DA:74,0
DA:75,0
DA:76,0
DA:77,0
DA:79,0
DA:80,0
DA:81,0
DA:82,0
DA:83,0
DA:84,0
DA:85,0
DA:86,0
DA:87,0
DA:88,0
DA:89,0
DA:90,0
DA:91,0
DA:92,0
DA:93,0
DA:94,0
DA:95,0
DA:96,0
DA:97,0
DA:98,0
DA:99,0
DA:100,0
DA:103,0
DA:104,0
DA:105,0
DA:106,0
DA:107,0
DA:108,0
DA:109,0
DA:110,0
DA:112,0
DA:113,0
DA:114,0
DA:116,0
DA:118,0
DA:122,0
DA:123,0
DA:124,0
DA:125,0
DA:126,0
DA:128,0
DA:129,0
DA:132,0
DA:133,0
DA:134,0
DA:136,0
DA:137,0
DA:138,0
DA:139,0
DA:140,0
DA:144,0
LF:104
LH:0
BRDA:14,0,0,0
BRDA:14,0,1,0
BRDA:14,1,0,0
BRDA:14,1,1,0
BRDA:42,2,0,0
BRDA:42,2,1,0
BRDA:46,3,0,0
BRDA:46,3,1,0
BRDA:50,4,0,0
BRDA:50,4,1,0
BRDA:54,5,0,0
BRDA:54,5,1,0
BRDA:58,6,0,0
BRDA:58,6,1,0
BRDA:62,7,0,0
BRDA:62,7,1,0
BRDA:66,8,0,0
BRDA:66,8,1,0
BRDA:67,9,0,0
BRDA:67,9,1,0
BRDA:72,10,0,0
BRDA:72,11,0,0
BRDA:73,12,0,0
BRDA:73,12,1,0
BRDA:76,13,0,0
BRDA:76,13,1,0
BRDA:80,14,0,0
BRDA:80,14,1,0
BRDA:84,15,0,0
BRDA:84,15,1,0
BRDA:86,16,0,0
BRDA:86,16,1,0
BRDA:87,17,0,0
BRDA:87,17,1,0
BRDA:91,18,0,0
BRDA:91,18,1,0
BRDA:91,19,0,0
BRDA:91,19,1,0
BRDA:92,20,0,0
BRDA:92,20,1,0
BRDA:92,21,0,0
BRDA:92,21,1,0
BRDA:94,22,0,0
BRDA:94,22,1,0
BRDA:94,23,0,0
BRDA:94,23,1,0
BRDA:95,24,0,0
BRDA:95,24,1,0
BRDA:95,25,0,0
BRDA:95,25,1,0
BRDA:96,26,0,0
BRDA:96,26,1,0
BRDA:97,27,0,0
BRDA:97,27,1,0
BRDA:98,28,0,0
BRDA:98,28,1,0
BRDA:98,29,0,0
BRDA:98,29,1,0
BRDA:98,30,0,0
BRDA:98,30,1,0
BRDA:100,31,0,0
BRDA:100,31,1,0
BRDA:102,32,0,0
BRDA:102,32,1,0
BRDA:103,33,0,0
BRDA:103,33,1,0
BRDA:103,34,0,0
BRDA:103,34,1,0
BRDA:103,35,0,0
BRDA:103,35,1,0
BRDA:103,36,0,0
BRDA:103,36,1,0
BRDA:103,37,0,0
BRDA:103,37,1,0
BRDA:103,38,0,0
BRDA:103,38,1,0
BRDA:105,39,0,0
BRDA:105,39,1,0
BRDA:108,40,0,0
BRDA:108,40,1,0
BRDA:112,41,0,0
BRDA:112,41,1,0
BRDA:114,42,0,0
BRDA:114,42,1,0
BRDA:122,43,0,0
BRDA:122,43,1,0
BRDA:125,44,0,0
BRDA:125,44,1,0
BRF:88
BRH:0
end_of_record
TN:
SF:static/js/features/analytics/rankings.js
FN:3,createRankingsPanel
FN:4,renderRankingsPanel
FN:7,(anonymous_2)
FN:8,(anonymous_3)
FN:12,(anonymous_4)
FN:13,(anonymous_5)
FN:17,(anonymous_6)
FN:17,(anonymous_7)
FN:17,(anonymous_8)
FN:17,(anonymous_9)
FN:17,(anonymous_10)
FN:17,(anonymous_11)
FN:18,(anonymous_12)
FN:18,(anonymous_13)
FN:21,(anonymous_14)
FN:21,(anonymous_15)
FN:21,(anonymous_16)
FNF:17
FNH:0
FNDA:0,createRankingsPanel
FNDA:0,renderRankingsPanel
FNDA:0,(anonymous_2)
FNDA:0,(anonymous_3)
FNDA:0,(anonymous_4)
FNDA:0,(anonymous_5)
FNDA:0,(anonymous_6)
FNDA:0,(anonymous_7)
FNDA:0,(anonymous_8)
FNDA:0,(anonymous_9)
FNDA:0,(anonymous_10)
FNDA:0,(anonymous_11)
FNDA:0,(anonymous_12)
FNDA:0,(anonymous_13)
FNDA:0,(anonymous_14)
FNDA:0,(anonymous_15)
FNDA:0,(anonymous_16)
DA:4,0
DA:5,0
DA:7,0
DA:8,0
DA:9,0
DA:10,0
DA:11,0
DA:12,0
DA:13,0
DA:14,0
DA:15,0
DA:16,0
DA:17,0
DA:18,0
DA:19,0
DA:21,0
DA:22,0
DA:23,0
LF:18
LH:0
BRDA:7,0,0,0
BRDA:7,0,1,0
BRDA:13,1,0,0
BRDA:13,1,1,0
BRDA:13,2,0,0
BRDA:13,2,1,0
BRDA:15,3,0,0
BRDA:15,3,1,0
BRDA:15,4,0,0
BRDA:15,4,1,0
BRDA:17,5,0,0
BRDA:17,5,1,0
BRDA:17,6,0,0
BRDA:17,6,1,0
BRDA:17,7,0,0
BRDA:17,7,1,0
BRDA:17,8,0,0
BRDA:17,8,1,0
BRF:18
BRH:0
end_of_record
TN:
SF:static/js/features/analytics/trends.js
FN:12,calendarDate
FN:17,validHour
FN:22,sessionCount
FN:27,metricValue
FN:32,levelFor
FN:36,element
FN:42,appendText
FN:49,appendIcon
FN:54,button
FN:62,heading
FN:69,renderCalendar
FN:70,(anonymous_11)
FN:81,renderHeatmap
FN:83,(anonymous_13)
FN:84,(anonymous_14)
FN:86,(anonymous_15)
FN:86,(anonymous_16)
FN:96,createTrendsPanel
FN:97,renderTrendsPanel
FN:116,(anonymous_19)
FN:125,(anonymous_20)
FN:134,(anonymous_21)
FN:135,(anonymous_22)
FN:136,(anonymous_23)
FN:138,(anonymous_24)
FN:147,(anonymous_25)
FN:156,(anonymous_26)
FN:158,(anonymous_27)
FN:168,(anonymous_28)
FN:172,(anonymous_29)
FN:205,(anonymous_30)
FN:217,(anonymous_31)
FN:218,(anonymous_32)
FN:220,(anonymous_33)
FNF:34
FNH:0
FNDA:0,calendarDate
FNDA:0,validHour
FNDA:0,sessionCount
FNDA:0,metricValue
FNDA:0,levelFor
FNDA:0,element
FNDA:0,appendText
FNDA:0,appendIcon
FNDA:0,button
FNDA:0,heading
FNDA:0,renderCalendar
FNDA:0,(anonymous_11)
FNDA:0,renderHeatmap
FNDA:0,(anonymous_13)
FNDA:0,(anonymous_14)
FNDA:0,(anonymous_15)
FNDA:0,(anonymous_16)
FNDA:0,createTrendsPanel
FNDA:0,renderTrendsPanel
FNDA:0,(anonymous_19)
FNDA:0,(anonymous_20)
FNDA:0,(anonymous_21)
FNDA:0,(anonymous_22)
FNDA:0,(anonymous_23)
FNDA:0,(anonymous_24)
FNDA:0,(anonymous_25)
FNDA:0,(anonymous_26)
FNDA:0,(anonymous_27)
FNDA:0,(anonymous_28)
FNDA:0,(anonymous_29)
FNDA:0,(anonymous_30)
FNDA:0,(anonymous_31)
FNDA:0,(anonymous_32)
FNDA:0,(anonymous_33)
DA:1,0
DA:13,0
DA:14,0
DA:18,0
DA:19,0
DA:23,0
DA:24,0
DA:28,0
DA:29,0
DA:33,0
DA:37,0
DA:38,0
DA:39,0
DA:43,0
DA:44,0
DA:45,0
DA:46,0
DA:50,0
DA:51,0
DA:55,0
DA:56,0
DA:57,0
DA:58,0
DA:59,0
DA:63,0
DA:64,0
DA:65,0
DA:66,0
DA:70,0
DA:71,0
DA:72,0
DA:73,0
DA:74,0
DA:75,0
DA:76,0
DA:77,0
DA:82,0
DA:83,0
DA:84,0
DA:85,0
DA:86,0
DA:87,0
DA:88,0
DA:89,0
DA:90,0
DA:91,0
DA:97,0
DA:98,0
DA:99,0
DA:100,0
DA:101,0
DA:102,0
DA:104,0
DA:105,0
DA:106,0
DA:107,0
DA:108,0
DA:109,0
DA:110,0
DA:111,0
DA:112,0
DA:113,0
DA:115,0
DA:116,0
DA:117,0
DA:119,0
DA:120,0
DA:121,0
DA:122,0
DA:123,0
DA:125,0
DA:126,0
DA:127,0
DA:128,0
DA:129,0
DA:130,0
DA:131,0
DA:132,0
DA:133,0
DA:134,0
DA:135,0
DA:136,0
DA:137,0
DA:138,0
DA:140,0
DA:141,0
DA:142,0
DA:143,0
DA:144,0
DA:146,0
DA:147,0
DA:148,0
DA:149,0
DA:150,0
DA:151,0
DA:153,0
DA:155,0
DA:156,0
DA:157,0
DA:158,0
DA:159,0
DA:161,0
DA:163,0
DA:164,0
DA:165,0
DA:166,0
DA:167,0
DA:168,0
DA:169,0
DA:170,0
DA:171,0
DA:172,0
DA:173,0
DA:174,0
DA:175,0
DA:177,0
DA:179,0
DA:180,0
DA:181,0
DA:182,0
DA:183,0
DA:184,0
DA:186,0
DA:187,0
DA:188,0
DA:189,0
DA:190,0
DA:191,0
DA:192,0
DA:193,0
DA:195,0
DA:196,0
DA:197,0
DA:198,0
DA:199,0
DA:200,0
DA:201,0
DA:202,0
DA:203,0
DA:204,0
DA:205,0
DA:206,0
DA:207,0
DA:208,0
DA:209,0
DA:211,0
DA:212,0
DA:213,0
DA:217,0
DA:218,0
DA:219,0
DA:220,0
DA:221,0
DA:224,0
DA:225,0
LF:155
LH:0
BRDA:13,0,0,0
BRDA:13,0,1,0
BRDA:14,1,0,0
BRDA:14,1,1,0
BRDA:19,2,0,0
BRDA:19,2,1,0
BRDA:19,3,0,0
BRDA:19,3,1,0
BRDA:19,3,2,0
BRDA:24,4,0,0
BRDA:24,4,1,0
BRDA:24,5,0,0
BRDA:24,5,1,0
BRDA:29,6,0,0
BRDA:29,6,1,0
BRDA:29,7,0,0
BRDA:29,7,1,0
BRDA:36,8,0,0
BRDA:38,9,0,0
BRDA:38,9,1,0
BRDA:42,10,0,0
BRDA:44,11,0,0
BRDA:44,11,1,0
BRDA:54,12,0,0
BRDA:54,13,0,0
BRDA:75,14,0,0
BRDA:75,14,1,0
BRDA:88,15,0,0
BRDA:88,15,1,0
BRDA:116,16,0,0
BRDA:116,16,1,0
BRDA:116,17,0,0
BRDA:116,17,1,0
BRDA:131,18,0,0
BRDA:131,18,1,0
BRDA:132,19,0,0
BRDA:132,19,1,0
BRDA:133,20,0,0
BRDA:133,20,1,0
BRDA:134,21,0,0
BRDA:134,21,1,0
BRDA:137,22,0,0
BRDA:137,22,1,0
BRDA:137,23,0,0
BRDA:137,23,1,0
BRDA:143,24,0,0
BRDA:143,24,1,0
BRDA:147,25,0,0
BRDA:147,25,1,0
BRDA:157,26,0,0
BRDA:157,26,1,0
BRDA:166,27,0,0
BRDA:166,27,1,0
BRDA:171,28,0,0
BRDA:171,28,1,0
BRDA:171,29,0,0
BRDA:171,29,1,0
BRDA:196,30,0,0
BRDA:196,30,1,0
BRDA:200,31,0,0
BRDA:200,31,1,0
BRDA:212,32,0,0
BRDA:212,32,1,0
BRF:63
BRH:0
end_of_record
TN:
SF:static/js/features/auth/bootstrap.js
FN:1,startAuthenticatedApplication
FN:3,(anonymous_1)
FN:8,(anonymous_2)
FNF:3
FNH:0
FNDA:0,startAuthenticatedApplication
FNDA:0,(anonymous_1)
FNDA:0,(anonymous_2)
DA:2,0
DA:4,0
DA:5,0
DA:6,0
DA:8,0
LF:5
LH:0
BRDA:4,0,0,0
BRDA:4,0,1,0
BRF:2
BRH:0
end_of_record
TN:
SF:static/js/features/players/access.js
FN:1,createPlayerAccess
FN:2,panelAccessDetailMarkup
FN:8,bindPlayerAccess
FN:11,(anonymous_3)
FN:18,(anonymous_4)
FN:22,(anonymous_5)
FNF:6
FNH:0
FNDA:0,createPlayerAccess
FNDA:0,panelAccessDetailMarkup
FNDA:0,bindPlayerAccess
FNDA:0,(anonymous_3)
FNDA:0,(anonymous_4)
FNDA:0,(anonymous_5)
DA:3,0
DA:4,0
DA:5,0
DA:9,0
DA:10,0
DA:11,0
DA:12,0
DA:13,0
DA:14,0
DA:15,0
DA:16,0
DA:17,0
DA:18,0
DA:19,0
DA:21,0
DA:22,0
DA:23,0
DA:24,0
DA:25,0
DA:30,0
LF:20
LH:0
BRDA:3,0,0,0
BRDA:3,0,1,0
BRDA:3,1,0,0
BRDA:3,1,1,0
BRDA:3,2,0,0
BRDA:3,2,1,0
BRDA:3,3,0,0
BRDA:3,3,1,0
BRDA:4,4,0,0
BRDA:4,4,1,0
BRDA:4,5,0,0
BRDA:4,5,1,0
BRDA:4,6,0,0
BRDA:4,6,1,0
BRDA:5,7,0,0
BRDA:5,7,1,0
BRDA:5,8,0,0
BRDA:5,8,1,0
BRDA:5,9,0,0
BRDA:5,9,1,0
BRDA:5,10,0,0
BRDA:5,10,1,0
BRDA:5,11,0,0
BRDA:5,11,1,0
BRDA:5,12,0,0
BRDA:5,12,1,0
BRDA:5,13,0,0
BRDA:5,13,1,0
BRDA:5,14,0,0
BRDA:5,14,1,0
BRDA:5,15,0,0
BRDA:5,15,1,0
BRDA:5,16,0,0
BRDA:5,16,1,0
BRDA:5,17,0,0
BRDA:5,17,1,0
BRDA:5,18,0,0
BRDA:5,18,1,0
BRDA:5,19,0,0
BRDA:5,19,1,0
BRDA:5,20,0,0
BRDA:5,20,1,0
BRDA:5,21,0,0
BRDA:5,21,1,0
BRDA:5,22,0,0
BRDA:5,22,1,0
BRDA:10,23,0,0
BRDA:10,23,1,0
BRDA:18,24,0,0
BRDA:18,24,1,0
BRDA:18,25,0,0
BRDA:18,25,1,0
BRDA:22,26,0,0
BRDA:22,26,1,0
BRDA:23,27,0,0
BRDA:23,27,1,0
BRDA:23,28,0,0
BRDA:23,28,1,0
BRDA:24,29,0,0
BRDA:24,29,1,0
BRF:60
BRH:0
end_of_record
TN:
SF:static/js/features/players/history.js
FN:1,createPlayerHistory
FN:2,historyMarkup
FN:10,(anonymous_2)
FN:21,sessionsMarkup
FN:23,(anonymous_4)
FN:35,profileMarkup
FN:36,(anonymous_6)
FN:38,(anonymous_7)
FN:42,deathHistoryMarkup
FN:43,(anonymous_9)
FN:45,(anonymous_10)
FN:48,(anonymous_11)
FN:50,(anonymous_12)
FNF:13
FNH:0
FNDA:0,createPlayerHistory
FNDA:0,historyMarkup
FNDA:0,(anonymous_2)
FNDA:0,sessionsMarkup
FNDA:0,(anonymous_4)
FNDA:0,profileMarkup
FNDA:0,(anonymous_6)
FNDA:0,(anonymous_7)
FNDA:0,deathHistoryMarkup
FNDA:0,(anonymous_9)
FNDA:0,(anonymous_10)
FNDA:0,(anonymous_11)
FNDA:0,(anonymous_12)
DA:3,0
DA:4,0
DA:10,0
DA:11,0
DA:12,0
DA:13,0
DA:17,0
DA:22,0
DA:23,0
DA:24,0
DA:25,0
DA:26,0
DA:29,0
DA:30,0
DA:31,0
DA:36,0
DA:37,0
DA:38,0
DA:39,0
DA:43,0
DA:44,0
DA:45,0
DA:46,0
DA:47,0
DA:48,0
DA:49,0
DA:50,0
DA:55,0
LF:28
LH:0
BRDA:3,0,0,0
BRDA:3,0,1,0
BRDA:11,1,0,0
BRDA:11,1,1,0
BRDA:12,2,0,0
BRDA:12,2,1,0
BRDA:12,2,2,0
BRDA:12,3,0,0
BRDA:12,3,1,0
BRDA:14,4,0,0
BRDA:14,4,1,0
BRDA:15,5,0,0
BRDA:15,5,1,0
BRDA:15,6,0,0
BRDA:15,6,1,0
BRDA:17,7,0,0
BRDA:17,7,1,0
BRDA:22,8,0,0
BRDA:22,8,1,0
BRDA:26,9,0,0
BRDA:26,9,1,0
BRDA:27,10,0,0
BRDA:27,10,1,0
BRDA:28,11,0,0
BRDA:28,11,1,0
BRDA:29,12,0,0
BRDA:29,12,1,0
BRDA:29,13,0,0
BRDA:29,13,1,0
BRDA:29,14,0,0
BRDA:29,14,1,0
BRDA:30,15,0,0
BRDA:30,15,1,0
BRDA:30,16,0,0
BRDA:30,16,1,0
BRDA:31,17,0,0
BRDA:31,17,1,0
BRDA:31,18,0,0
BRDA:31,18,1,0
BRDA:31,19,0,0
BRDA:31,19,1,0
BRDA:31,20,0,0
BRDA:31,20,1,0
BRDA:31,21,0,0
BRDA:31,21,1,0
BRDA:31,22,0,0
BRDA:31,22,1,0
BRDA:31,23,0,0
BRDA:31,23,1,0
BRDA:31,24,0,0
BRDA:31,24,1,0
BRDA:36,25,0,0
BRDA:36,25,1,0
BRDA:37,26,0,0
BRDA:37,26,1,0
BRDA:38,27,0,0
BRDA:38,27,1,0
BRDA:39,28,0,0
BRDA:39,28,1,0
BRDA:39,29,0,0
BRDA:39,29,1,0
BRDA:39,30,0,0
BRDA:39,30,1,0
BRDA:39,31,0,0
BRDA:39,31,1,0
BRDA:39,32,0,0
BRDA:39,32,1,0
BRDA:39,33,0,0
BRDA:39,33,1,0
BRDA:39,34,0,0
BRDA:39,34,1,0
BRDA:39,35,0,0
BRDA:39,35,1,0
BRDA:39,36,0,0
BRDA:39,36,1,0
BRDA:44,37,0,0
BRDA:44,37,1,0
BRDA:46,38,0,0
BRDA:46,38,1,0
BRDA:47,39,0,0
BRDA:47,39,1,0
BRDA:47,39,2,0
BRDA:49,40,0,0
BRDA:49,40,1,0
BRF:84
BRH:0
end_of_record
TN:
SF:static/js/features/players/index.js
FN:7,createPlayersFeature
FN:13,(anonymous_1)
FN:16,(anonymous_2)
FN:17,(anonymous_3)
FNF:4
FNH:0
FNDA:0,createPlayersFeature
FNDA:0,(anonymous_1)
FNDA:0,(anonymous_2)
FNDA:0,(anonymous_3)
DA:8,0
DA:11,0
DA:12,0
DA:13,0
DA:14,0
DA:15,0
DA:16,0
DA:17,0
DA:18,0
LF:9
LH:0
BRF:0
BRH:0
end_of_record
TN:
SF:static/js/features/players/profile.js
FN:4,createPlayerProfile
FN:5,renderPlayerDetail
FN:81,(anonymous_2)
FN:111,(anonymous_3)
FN:121,(anonymous_4)
FN:159,(anonymous_5)
FN:163,(anonymous_6)
FN:200,(anonymous_7)
FNF:8
FNH:0
FNDA:0,createPlayerProfile
FNDA:0,renderPlayerDetail
FNDA:0,(anonymous_2)
FNDA:0,(anonymous_3)
FNDA:0,(anonymous_4)
FNDA:0,(anonymous_5)
FNDA:0,(anonymous_6)
FNDA:0,(anonymous_7)
DA:5,0
DA:6,0
DA:7,0
DA:8,0
DA:9,0
DA:10,0
DA:11,0
DA:12,0
DA:14,0
DA:65,0
DA:66,0
DA:67,0
DA:68,0
DA:69,0
DA:72,0
DA:74,0
DA:75,0
DA:76,0
DA:82,0
DA:83,0
DA:84,0
DA:85,0
DA:86,0
DA:87,0
DA:88,0
DA:92,0
DA:93,0
DA:94,0
DA:95,0
DA:100,0
DA:103,0
DA:106,0
DA:107,0
DA:109,0
DA:110,0
DA:111,0
DA:112,0
DA:113,0
DA:114,0
DA:115,0
DA:116,0
DA:117,0
DA:118,0
DA:120,0
DA:121,0
DA:122,0
DA:123,0
DA:124,0
DA:128,0
DA:129,0
DA:130,0
DA:131,0
DA:132,0
DA:133,0
DA:134,0
DA:135,0
DA:136,0
DA:137,0
DA:140,0
DA:141,0
DA:144,0
DA:145,0
DA:146,0
DA:152,0
DA:153,0
DA:154,0
DA:155,0
DA:156,0
DA:157,0
DA:158,0
DA:159,0
DA:162,0
DA:163,0
DA:164,0
DA:165,0
DA:166,0
DA:167,0
DA:168,0
DA:169,0
DA:170,0
DA:172,0
DA:174,0
DA:180,0
DA:181,0
DA:182,0
DA:183,0
DA:184,0
DA:185,0
DA:187,0
DA:188,0
DA:192,0
DA:194,0
DA:195,0
DA:196,0
DA:197,0
DA:198,0
DA:200,0
LF:97
LH:0
BRDA:5,0,0,0
BRDA:9,1,0,0
BRDA:9,1,1,0
BRDA:10,2,0,0
BRDA:10,2,1,0
BRDA:10,3,0,0
BRDA:10,3,1,0
BRDA:67,4,0,0
BRDA:67,4,1,0
BRDA:69,5,0,0
BRDA:69,5,1,0
BRDA:74,6,0,0
BRDA:74,6,1,0
BRDA:100,7,0,0
BRDA:100,7,1,0
BRDA:103,8,0,0
BRDA:103,8,1,0
BRDA:109,9,0,0
BRDA:109,9,1,0
BRDA:121,10,0,0
BRDA:121,10,1,0
BRDA:129,11,0,0
BRDA:129,11,1,0
BRDA:141,12,0,0
BRDA:141,12,1,0
BRDA:141,13,0,0
BRDA:141,13,1,0
BRDA:145,14,0,0
BRDA:145,14,1,0
BRDA:146,15,0,0
BRDA:146,15,1,0
BRDA:147,16,0,0
BRDA:147,16,1,0
BRDA:152,17,0,0
BRDA:152,17,1,0
BRDA:153,18,0,0
BRDA:153,18,1,0
BRDA:155,19,0,0
BRDA:155,19,1,0
BRDA:155,20,0,0
BRDA:155,20,1,0
BRDA:155,20,2,0
BRDA:157,21,0,0
BRDA:157,21,1,0
BRDA:159,22,0,0
BRDA:159,22,1,0
BRDA:163,23,0,0
BRDA:163,23,1,0
BRDA:165,24,0,0
BRDA:165,24,1,0
BRDA:172,25,0,0
BRDA:172,25,1,0
BRDA:181,26,0,0
BRDA:181,26,1,0
BRDA:183,27,0,0
BRDA:183,27,1,0
BRDA:185,28,0,0
BRDA:185,28,1,0
BRDA:194,29,0,0
BRDA:194,29,1,0
BRDA:195,30,0,0
BRDA:195,30,1,0
BRF:62
BRH:0
end_of_record
TN:
SF:static/js/features/players/telemetry.js
FN:1,createPlayerTelemetry
FN:2,sortedTelemetryEntries
FN:4,(anonymous_2)
FN:4,(anonymous_3)
FN:7,playerBreakdownMarkup
FN:9,(anonymous_5)
FN:12,playerDataMarkup
FN:21,(anonymous_7)
FNF:8
FNH:0
FNDA:0,createPlayerTelemetry
FNDA:0,sortedTelemetryEntries
FNDA:0,(anonymous_2)
FNDA:0,(anonymous_3)
FNDA:0,playerBreakdownMarkup
FNDA:0,(anonymous_5)
FNDA:0,playerDataMarkup
FNDA:0,(anonymous_7)
DA:3,0
DA:4,0
DA:8,0
DA:9,0
DA:13,0
DA:14,0
DA:15,0
DA:16,0
DA:17,0
DA:18,0
DA:19,0
DA:20,0
DA:21,0
DA:25,0
LF:14
LH:0
BRDA:2,0,0,0
BRDA:3,1,0,0
BRDA:3,1,1,0
BRDA:3,2,0,0
BRDA:3,2,1,0
BRDA:3,2,2,0
BRDA:4,3,0,0
BRDA:4,3,1,0
BRDA:8,4,0,0
BRDA:8,4,1,0
BRDA:9,5,0,0
BRDA:9,5,1,0
BRDA:9,6,0,0
BRDA:9,6,1,0
BRDA:13,7,0,0
BRDA:13,7,1,0
BRDA:13,8,0,0
BRDA:13,8,1,0
BRDA:14,9,0,0
BRDA:14,9,1,0
BRDA:16,10,0,0
BRDA:16,10,1,0
BRDA:16,11,0,0
BRDA:16,11,1,0
BRDA:17,12,0,0
BRDA:17,12,1,0
BRDA:17,13,0,0
BRDA:17,13,1,0
BRDA:17,14,0,0
BRDA:17,14,1,0
BRDA:18,15,0,0
BRDA:18,15,1,0
BRDA:19,16,0,0
BRDA:19,16,1,0
BRDA:20,17,0,0
BRDA:20,17,1,0
BRDA:21,18,0,0
BRDA:21,18,1,0
BRDA:21,19,0,0
BRDA:21,19,1,0
BRDA:21,20,0,0
BRDA:21,20,1,0
BRDA:21,21,0,0
BRDA:21,21,1,0
BRDA:21,22,0,0
BRDA:21,22,1,0
BRDA:21,23,0,0
BRDA:21,23,1,0
BRDA:21,24,0,0
BRDA:21,24,1,0
BRF:50
BRH:0
end_of_record
TN:
SF:static/js/features/players/workspace.js
FN:1,createPlayersWorkspace
FN:2,renderPlayersPanel
FN:17,(anonymous_2)
FN:30,(anonymous_3)
FN:42,(anonymous_4)
FN:44,(anonymous_5)
FN:48,(anonymous_6)
FN:48,(anonymous_7)
FN:50,(anonymous_8)
FN:57,renderPlayerOverview
FN:59,(anonymous_10)
FN:60,(anonymous_11)
FN:61,(anonymous_12)
FN:70,(anonymous_13)
FN:80,renderPlayerCards
FN:89,(anonymous_15)
FN:108,(anonymous_16)
FNF:17
FNH:0
FNDA:0,createPlayersWorkspace
FNDA:0,renderPlayersPanel
FNDA:0,(anonymous_2)
FNDA:0,(anonymous_3)
FNDA:0,(anonymous_4)
FNDA:0,(anonymous_5)
FNDA:0,(anonymous_6)
FNDA:0,(anonymous_7)
FNDA:0,(anonymous_8)
FNDA:0,renderPlayerOverview
FNDA:0,(anonymous_10)
FNDA:0,(anonymous_11)
FNDA:0,(anonymous_12)
FNDA:0,(anonymous_13)
FNDA:0,renderPlayerCards
FNDA:0,(anonymous_15)
FNDA:0,(anonymous_16)
DA:2,0
DA:3,0
DA:4,0
DA:5,0
DA:6,0
DA:7,0
DA:8,0
DA:9,0
DA:10,0
DA:11,0
DA:12,0
DA:13,0
DA:14,0
DA:15,0
DA:16,0
DA:17,0
DA:18,0
DA:19,0
DA:21,0
DA:22,0
DA:23,0
DA:24,0
DA:25,0
DA:26,0
DA:27,0
DA:28,0
DA:29,0
DA:30,0
DA:32,0
DA:33,0
DA:34,0
DA:35,0
DA:37,0
DA:38,0
DA:39,0
DA:40,0
DA:41,0
DA:42,0
DA:43,0
DA:44,0
DA:45,0
DA:47,0
DA:48,0
DA:49,0
DA:50,0
DA:51,0
DA:53,0
DA:54,0
DA:58,0
DA:59,0
DA:60,0
DA:61,0
DA:62,0
DA:63,0
DA:69,0
DA:70,0
DA:71,0
DA:72,0
DA:73,0
DA:74,0
DA:75,0
DA:77,0
DA:81,0
DA:82,0
DA:84,0
DA:85,0
DA:86,0
DA:88,0
DA:89,0
DA:90,0
DA:91,0
DA:92,0
DA:93,0
DA:94,0
DA:95,0
DA:96,0
DA:97,0
DA:98,0
DA:101,0
DA:102,0
DA:103,0
DA:104,0
DA:105,0
DA:106,0
DA:107,0
DA:108,0
DA:109,0
LF:87
LH:0
BRDA:18,0,0,0
BRDA:18,0,1,0
BRDA:26,1,0,0
BRDA:26,1,1,0
BRDA:28,2,0,0
BRDA:28,2,1,0
BRDA:30,3,0,0
BRDA:30,3,1,0
BRDA:33,4,0,0
BRDA:33,4,1,0
BRDA:44,5,0,0
BRDA:44,5,1,0
BRDA:44,5,2,0
BRDA:44,5,3,0
BRDA:44,5,4,0
BRDA:44,5,5,0
BRDA:44,5,6,0
BRDA:44,5,7,0
BRDA:44,5,8,0
BRDA:54,6,0,0
BRDA:54,6,1,0
BRDA:60,7,0,0
BRDA:60,7,1,0
BRDA:61,8,0,0
BRDA:61,8,1,0
BRDA:80,9,0,0
BRDA:82,10,0,0
BRDA:82,10,1,0
BRDA:91,11,0,0
BRDA:91,11,1,0
BRDA:92,12,0,0
BRDA:92,12,1,0
BRDA:95,13,0,0
BRDA:95,13,1,0
BRDA:98,14,0,0
BRDA:98,14,1,0
BRDA:104,15,0,0
BRDA:104,15,1,0
BRF:38
BRH:0
end_of_record
TN:
SF:static/js/features/rules/index.js
FN:1,createRulesFeature
FN:2,(anonymous_1)
FNF:2
FNH:0
FNDA:0,createRulesFeature
FNDA:0,(anonymous_1)
DA:2,0
DA:5,0
LF:2
LH:0
BRF:0
BRH:0
end_of_record
TN:
SF:static/js/features/server/index.js
FN:3,createServerFeature
FN:4,telemetryPackMarkup
FN:8,loadDiagnostics
FN:25,(anonymous_3)
FN:48,(anonymous_4)
FN:61,(anonymous_5)
FN:62,(anonymous_6)
FN:67,(anonymous_7)
FN:88,(anonymous_8)
FN:89,(anonymous_9)
FN:92,(anonymous_10)
FN:95,(anonymous_11)
FN:97,(anonymous_12)
FN:98,(anonymous_13)
FN:107,(anonymous_14)
FN:108,(anonymous_15)
FN:109,(anonymous_16)
FN:124,(anonymous_17)
FN:138,(anonymous_18)
FN:149,loadTelemetryPack
FN:161,(anonymous_20)
FN:163,(anonymous_21)
FN:163,(anonymous_22)
FN:175,renderReleaseTags
FN:182,loadFrontendVersion
FN:197,refreshOperationPanel
FN:213,(anonymous_26)
FN:220,openOperationDrawer
FN:225,initializeOperationProgress
FN:233,(anonymous_29)
FNF:30
FNH:0
FNDA:0,createServerFeature
FNDA:0,telemetryPackMarkup
FNDA:0,loadDiagnostics
FNDA:0,(anonymous_3)
FNDA:0,(anonymous_4)
FNDA:0,(anonymous_5)
FNDA:0,(anonymous_6)
FNDA:0,(anonymous_7)
FNDA:0,(anonymous_8)
FNDA:0,(anonymous_9)
FNDA:0,(anonymous_10)
FNDA:0,(anonymous_11)
FNDA:0,(anonymous_12)
FNDA:0,(anonymous_13)
FNDA:0,(anonymous_14)
FNDA:0,(anonymous_15)
FNDA:0,(anonymous_16)
FNDA:0,(anonymous_17)
FNDA:0,(anonymous_18)
FNDA:0,loadTelemetryPack
FNDA:0,(anonymous_20)
FNDA:0,(anonymous_21)
FNDA:0,(anonymous_22)
FNDA:0,renderReleaseTags
FNDA:0,loadFrontendVersion
FNDA:0,refreshOperationPanel
FNDA:0,(anonymous_26)
FNDA:0,openOperationDrawer
FNDA:0,initializeOperationProgress
FNDA:0,(anonymous_29)
DA:5,0
DA:9,0
DA:10,0
DA:11,0
DA:12,0
DA:13,0
DA:14,0
DA:15,0
DA:16,0
DA:17,0
DA:18,0
DA:19,0
DA:20,0
DA:21,0
DA:22,0
DA:23,0
DA:24,0
DA:25,0
DA:26,0
DA:27,0
DA:28,0
DA:29,0
DA:30,0
DA:31,0
DA:32,0
DA:34,0
DA:35,0
DA:36,0
DA:37,0
DA:38,0
DA:39,0
DA:40,0
DA:41,0
DA:42,0
DA:43,0
DA:44,0
DA:45,0
DA:46,0
DA:47,0
DA:48,0
DA:49,0
DA:50,0
DA:51,0
DA:53,0
DA:55,0
DA:56,0
DA:57,0
DA:58,0
DA:59,0
DA:60,0
DA:61,0
DA:62,0
DA:63,0
DA:64,0
DA:65,0
DA:66,0
DA:67,0
DA:68,0
DA:69,0
DA:70,0
DA:71,0
DA:72,0
DA:74,0
DA:76,0
DA:86,0
DA:88,0
DA:89,0
DA:92,0
DA:94,0
DA:95,0
DA:97,0
DA:98,0
DA:100,0
DA:105,0
DA:107,0
DA:108,0
DA:109,0
DA:111,0
DA:117,0
DA:118,0
DA:119,0
DA:120,0
DA:121,0
DA:122,0
DA:123,0
DA:124,0
DA:125,0
DA:126,0
DA:127,0
DA:128,0
DA:129,0
DA:130,0
DA:132,0
DA:134,0
DA:135,0
DA:136,0
DA:137,0
DA:138,0
DA:139,0
DA:140,0
DA:141,0
DA:143,0
DA:145,0
DA:146,0
DA:150,0
DA:151,0
DA:152,0
DA:153,0
DA:154,0
DA:155,0
DA:156,0
DA:157,0
DA:158,0
DA:159,0
DA:160,0
DA:161,0
DA:162,0
DA:163,0
DA:164,0
DA:165,0
DA:166,0
DA:167,0
DA:168,0
DA:169,0
DA:170,0
DA:172,0
DA:176,0
DA:177,0
DA:178,0
DA:179,0
DA:183,0
DA:184,0
DA:185,0
DA:186,0
DA:187,0
DA:195,0
DA:198,0
DA:199,0
DA:200,0
DA:201,0
DA:202,0
DA:203,0
DA:204,0
DA:206,0
DA:207,0
DA:208,0
DA:209,0
DA:210,0
DA:213,0
DA:214,0
DA:215,0
DA:216,0
DA:217,0
DA:221,0
DA:222,0
DA:226,0
DA:227,0
DA:228,0
DA:229,0
DA:230,0
DA:233,0
DA:234,0
DA:235,0
DA:237,0
LF:164
LH:0
BRDA:10,0,0,0
BRDA:10,0,1,0
BRDA:13,1,0,0
BRDA:13,1,1,0
BRDA:14,2,0,0
BRDA:14,2,1,0
BRDA:34,3,0,0
BRDA:34,3,1,0
BRDA:35,4,0,0
BRDA:35,4,1,0
BRDA:36,5,0,0
BRDA:36,5,1,0
BRDA:37,6,0,0
BRDA:37,6,1,0
BRDA:38,7,0,0
BRDA:38,7,1,0
BRDA:39,8,0,0
BRDA:39,8,1,0
BRDA:40,9,0,0
BRDA:40,9,1,0
BRDA:41,10,0,0
BRDA:41,10,1,0
BRDA:42,11,0,0
BRDA:42,11,1,0
BRDA:43,12,0,0
BRDA:43,12,1,0
BRDA:55,13,0,0
BRDA:55,13,1,0
BRDA:56,14,0,0
BRDA:56,14,1,0
BRDA:57,15,0,0
BRDA:57,15,1,0
BRDA:58,16,0,0
BRDA:58,16,1,0
BRDA:59,17,0,0
BRDA:59,17,1,0
BRDA:60,18,0,0
BRDA:60,18,1,0
BRDA:62,19,0,0
BRDA:62,19,1,0
BRDA:62,20,0,0
BRDA:62,20,1,0
BRDA:62,21,0,0
BRDA:62,21,1,0
BRDA:69,22,0,0
BRDA:69,22,1,0
BRDA:69,23,0,0
BRDA:69,23,1,0
BRDA:71,24,0,0
BRDA:71,24,1,0
BRDA:95,25,0,0
BRDA:95,25,1,0
BRDA:97,26,0,0
BRDA:97,26,1,0
BRDA:98,27,0,0
BRDA:98,27,1,0
BRDA:117,28,0,0
BRDA:117,28,1,0
BRDA:119,29,0,0
BRDA:119,29,1,0
BRDA:126,30,0,0
BRDA:126,30,1,0
BRDA:127,31,0,0
BRDA:127,31,1,0
BRDA:128,32,0,0
BRDA:128,32,1,0
BRDA:135,33,0,0
BRDA:135,33,1,0
BRDA:136,34,0,0
BRDA:136,34,1,0
BRDA:151,35,0,0
BRDA:151,35,1,0
BRDA:155,36,0,0
BRDA:155,36,1,0
BRDA:155,37,0,0
BRDA:155,37,1,0
BRDA:156,38,0,0
BRDA:156,38,1,0
BRDA:156,39,0,0
BRDA:156,39,1,0
BRDA:157,40,0,0
BRDA:157,40,1,0
BRDA:157,40,2,0
BRDA:158,41,0,0
BRDA:158,41,1,0
BRDA:158,42,0,0
BRDA:158,42,1,0
BRDA:158,43,0,0
BRDA:158,43,1,0
BRDA:159,44,0,0
BRDA:159,44,1,0
BRDA:160,45,0,0
BRDA:160,45,1,0
BRDA:160,46,0,0
BRDA:160,46,1,0
BRDA:161,47,0,0
BRDA:161,47,1,0
BRDA:161,48,0,0
BRDA:161,48,1,0
BRDA:161,49,0,0
BRDA:161,49,1,0
BRDA:161,50,0,0
BRDA:161,50,1,0
BRDA:162,51,0,0
BRDA:162,51,1,0
BRDA:162,52,0,0
BRDA:162,52,1,0
BRDA:162,52,2,0
BRDA:162,53,0,0
BRDA:162,53,1,0
BRDA:162,54,0,0
BRDA:162,54,1,0
BRDA:162,55,0,0
BRDA:162,55,1,0
BRDA:162,56,0,0
BRDA:162,56,1,0
BRDA:162,57,0,0
BRDA:162,57,1,0
BRDA:162,58,0,0
BRDA:162,58,1,0
BRDA:162,59,0,0
BRDA:162,59,1,0
BRDA:162,60,0,0
BRDA:162,60,1,0
BRDA:162,61,0,0
BRDA:162,61,1,0
BRDA:162,62,0,0
BRDA:162,62,1,0
BRDA:162,63,0,0
BRDA:162,63,1,0
BRDA:162,64,0,0
BRDA:162,64,1,0
BRDA:162,65,0,0
BRDA:162,65,1,0
BRDA:164,66,0,0
BRDA:164,66,1,0
BRDA:168,67,0,0
BRDA:168,67,1,0
BRDA:177,68,0,0
BRDA:177,68,1,0
BRDA:178,69,0,0
BRDA:178,69,1,0
BRDA:179,70,0,0
BRDA:179,70,1,0
BRDA:179,71,0,0
BRDA:179,71,1,0
BRDA:179,71,2,0
BRDA:185,72,0,0
BRDA:185,72,1,0
BRDA:187,73,0,0
BRDA:187,73,1,0
BRDA:187,74,0,0
BRDA:187,74,1,0
BRDA:202,75,0,0
BRDA:202,75,1,0
BRDA:204,76,0,0
BRDA:204,76,1,0
BRDA:206,77,0,0
BRDA:206,77,1,0
BRDA:206,78,0,0
BRDA:206,78,1,0
BRDA:206,79,0,0
BRDA:206,79,1,0
BRDA:207,80,0,0
BRDA:207,80,1,0
BRDA:208,81,0,0
BRDA:208,81,1,0
BRDA:209,82,0,0
BRDA:209,82,1,0
BRDA:215,83,0,0
BRDA:215,83,1,0
BRDA:215,83,2,0
BRDA:217,84,0,0
BRDA:217,84,1,0
BRDA:217,85,0,0
BRDA:217,85,1,0
BRDA:222,86,0,0
BRDA:222,86,1,0
BRDA:222,87,0,0
BRDA:222,87,1,0
BRDA:228,88,0,0
BRDA:228,88,1,0
BRDA:228,88,2,0
BRDA:230,89,0,0
BRDA:230,89,1,0
BRF:185
BRH:0
end_of_record
TN:
SF:static/js/features/server/operation.js
FN:17,operationDate
FN:21,displayOperationValue
FN:23,(anonymous_2)
FN:33,createOperationFeature
FN:43,connectStream
FN:48,(anonymous_5)
FN:58,(anonymous_6)
FN:63,(anonymous_7)
FN:72,loadLatest
FN:93,loadFromStorage
FN:110,stageLabel
FN:115,stageClass
FN:128,renderStageBar
FN:129,(anonymous_13)
FN:157,displayFieldName
FN:162,appendOperationValue
FN:169,(anonymous_16)
FN:183,(anonymous_17)
FN:200,renderEvidence
FN:201,(anonymous_19)
FN:213,(anonymous_20)
FN:232,activeStageMarkup
FN:233,(anonymous_22)
FN:234,(anonymous_23)
FN:235,(anonymous_24)
FN:276,operationStateClass
FN:284,operationHeadline
FN:295,terminalMarkup
FN:333,(anonymous_28)
FN:380,changesMarkup
FN:392,(anonymous_30)
FN:415,renderOperation
FN:418,(anonymous_32)
FN:419,(anonymous_33)
FN:422,(anonymous_34)
FN:483,handleReconcile
FN:493,handleRetry
FN:506,bindRecoveryActions
FN:517,(anonymous_38)
FN:518,(anonymous_39)
FN:522,(anonymous_40)
FN:532,(anonymous_41)
FN:542,setUpdateCallback
FN:546,initialize
FN:553,getOperation
FNF:45
FNH:0
FNDA:0,operationDate
FNDA:0,displayOperationValue
FNDA:0,(anonymous_2)
FNDA:0,createOperationFeature
FNDA:0,connectStream
FNDA:0,(anonymous_5)
FNDA:0,(anonymous_6)
FNDA:0,(anonymous_7)
FNDA:0,loadLatest
FNDA:0,loadFromStorage
FNDA:0,stageLabel
FNDA:0,stageClass
FNDA:0,renderStageBar
FNDA:0,(anonymous_13)
FNDA:0,displayFieldName
FNDA:0,appendOperationValue
FNDA:0,(anonymous_16)
FNDA:0,(anonymous_17)
FNDA:0,renderEvidence
FNDA:0,(anonymous_19)
FNDA:0,(anonymous_20)
FNDA:0,activeStageMarkup
FNDA:0,(anonymous_22)
FNDA:0,(anonymous_23)
FNDA:0,(anonymous_24)
FNDA:0,operationStateClass
FNDA:0,operationHeadline
FNDA:0,terminalMarkup
FNDA:0,(anonymous_28)
FNDA:0,changesMarkup
FNDA:0,(anonymous_30)
FNDA:0,renderOperation
FNDA:0,(anonymous_32)
FNDA:0,(anonymous_33)
FNDA:0,(anonymous_34)
FNDA:0,handleReconcile
FNDA:0,handleRetry
FNDA:0,bindRecoveryActions
FNDA:0,(anonymous_38)
FNDA:0,(anonymous_39)
FNDA:0,(anonymous_40)
FNDA:0,(anonymous_41)
FNDA:0,setUpdateCallback
FNDA:0,initialize
FNDA:0,getOperation
DA:14,0
DA:15,0
DA:18,0
DA:22,0
DA:23,0
DA:24,0
DA:25,0
DA:26,0
DA:27,0
DA:29,0
DA:30,0
DA:34,0
DA:35,0
DA:36,0
DA:37,0
DA:44,0
DA:45,0
DA:46,0
DA:47,0
DA:48,0
DA:49,0
DA:50,0
DA:51,0
DA:52,0
DA:53,0
DA:54,0
DA:58,0
DA:60,0
DA:61,0
DA:63,0
DA:73,0
DA:74,0
DA:75,0
DA:78,0
DA:79,0
DA:80,0
DA:81,0
DA:82,0
DA:83,0
DA:85,0
DA:87,0
DA:91,0
DA:94,0
DA:95,0
DA:96,0
DA:97,0
DA:98,0
DA:99,0
DA:111,0
DA:112,0
DA:116,0
DA:117,0
DA:118,0
DA:119,0
DA:120,0
DA:121,0
DA:122,0
DA:129,0
DA:130,0
DA:131,0
DA:132,0
DA:133,0
DA:135,0
DA:136,0
DA:137,0
DA:138,0
DA:141,0
DA:145,0
DA:146,0
DA:147,0
DA:149,0
DA:150,0
DA:151,0
DA:153,0
DA:158,0
DA:163,0
DA:164,0
DA:165,0
DA:166,0
DA:169,0
DA:170,0
DA:171,0
DA:172,0
DA:175,0
DA:176,0
DA:177,0
DA:178,0
DA:179,0
DA:181,0
DA:182,0
DA:183,0
DA:184,0
DA:185,0
DA:186,0
DA:187,0
DA:188,0
DA:189,0
DA:190,0
DA:192,0
DA:193,0
DA:201,0
DA:202,0
DA:204,0
DA:205,0
DA:206,0
DA:207,0
DA:208,0
DA:210,0
DA:211,0
DA:213,0
DA:214,0
DA:215,0
DA:216,0
DA:217,0
DA:218,0
DA:219,0
DA:220,0
DA:223,0
DA:224,0
DA:233,0
DA:234,0
DA:235,0
DA:236,0
DA:237,0
DA:239,0
DA:240,0
DA:242,0
DA:243,0
DA:245,0
DA:246,0
DA:247,0
DA:249,0
DA:250,0
DA:251,0
DA:252,0
DA:255,0
DA:256,0
DA:257,0
DA:259,0
DA:260,0
DA:261,0
DA:263,0
DA:264,0
DA:265,0
DA:266,0
DA:267,0
DA:270,0
DA:271,0
DA:273,0
DA:277,0
DA:278,0
DA:279,0
DA:280,0
DA:281,0
DA:285,0
DA:286,0
DA:296,0
DA:298,0
DA:299,0
DA:301,0
DA:302,0
DA:303,0
DA:304,0
DA:307,0
DA:308,0
DA:309,0
DA:311,0
DA:312,0
DA:313,0
DA:315,0
DA:316,0
DA:317,0
DA:318,0
DA:319,0
DA:322,0
DA:323,0
DA:324,0
DA:325,0
DA:326,0
DA:327,0
DA:328,0
DA:329,0
DA:330,0
DA:333,0
DA:334,0
DA:335,0
DA:337,0
DA:338,0
DA:339,0
DA:340,0
DA:342,0
DA:343,0
DA:344,0
DA:346,0
DA:347,0
DA:348,0
DA:351,0
DA:352,0
DA:353,0
DA:355,0
DA:356,0
DA:357,0
DA:358,0
DA:359,0
DA:360,0
DA:362,0
DA:363,0
DA:364,0
DA:365,0
DA:366,0
DA:367,0
DA:369,0
DA:372,0
DA:381,0
DA:382,0
DA:384,0
DA:385,0
DA:387,0
DA:388,0
DA:389,0
DA:391,0
DA:392,0
DA:393,0
DA:394,0
DA:395,0
DA:396,0
DA:397,0
DA:398,0
DA:399,0
DA:400,0
DA:401,0
DA:403,0
DA:405,0
DA:416,0
DA:418,0
DA:419,0
DA:420,0
DA:422,0
DA:423,0
DA:424,0
DA:426,0
DA:428,0
DA:429,0
DA:432,0
DA:433,0
DA:435,0
DA:436,0
DA:437,0
DA:438,0
DA:440,0
DA:441,0
DA:443,0
DA:444,0
DA:445,0
DA:447,0
DA:448,0
DA:449,0
DA:450,0
DA:452,0
DA:453,0
DA:456,0
DA:457,0
DA:458,0
DA:459,0
DA:460,0
DA:461,0
DA:464,0
DA:465,0
DA:468,0
DA:469,0
DA:472,0
DA:473,0
DA:475,0
DA:476,0
DA:484,0
DA:485,0
DA:486,0
DA:487,0
DA:488,0
DA:489,0
DA:494,0
DA:495,0
DA:496,0
DA:497,0
DA:498,0
DA:499,0
DA:504,0
DA:507,0
DA:508,0
DA:509,0
DA:512,0
DA:513,0
DA:514,0
DA:517,0
DA:518,0
DA:519,0
DA:520,0
DA:521,0
DA:522,0
DA:523,0
DA:524,0
DA:525,0
DA:526,0
DA:528,0
DA:529,0
DA:531,0
DA:532,0
DA:543,0
DA:548,0
DA:549,0
DA:550,0
DA:554,0
DA:557,0
LF:313
LH:0
BRDA:18,0,0,0
BRDA:18,0,1,0
BRDA:21,1,0,0
BRDA:22,2,0,0
BRDA:22,2,1,0
BRDA:22,3,0,0
BRDA:22,3,1,0
BRDA:25,4,0,0
BRDA:25,4,1,0
BRDA:25,5,0,0
BRDA:25,5,1,0
BRDA:25,5,2,0
BRDA:27,6,0,0
BRDA:27,6,1,0
BRDA:29,7,0,0
BRDA:29,7,1,0
BRDA:33,8,0,0
BRDA:34,9,0,0
BRDA:34,9,1,0
BRDA:43,10,0,0
BRDA:44,11,0,0
BRDA:44,11,1,0
BRDA:45,12,0,0
BRDA:45,12,1,0
BRDA:51,13,0,0
BRDA:51,13,1,0
BRDA:51,14,0,0
BRDA:51,14,1,0
BRDA:54,15,0,0
BRDA:54,15,1,0
BRDA:61,16,0,0
BRDA:61,16,1,0
BRDA:61,17,0,0
BRDA:61,17,1,0
BRDA:78,18,0,0
BRDA:78,18,1,0
BRDA:78,19,0,0
BRDA:78,19,1,0
BRDA:81,20,0,0
BRDA:81,20,1,0
BRDA:81,21,0,0
BRDA:81,21,1,0
BRDA:96,22,0,0
BRDA:96,22,1,0
BRDA:96,23,0,0
BRDA:96,23,1,0
BRDA:99,24,0,0
BRDA:99,24,1,0
BRDA:112,25,0,0
BRDA:112,25,1,0
BRDA:116,26,0,0
BRDA:116,26,1,0
BRDA:117,27,0,0
BRDA:117,27,1,0
BRDA:118,28,0,0
BRDA:118,28,1,0
BRDA:119,29,0,0
BRDA:119,29,1,0
BRDA:120,30,0,0
BRDA:120,30,1,0
BRDA:121,31,0,0
BRDA:121,31,1,0
BRDA:132,32,0,0
BRDA:132,32,1,0
BRDA:133,33,0,0
BRDA:133,33,1,0
BRDA:141,34,0,0
BRDA:141,34,1,0
BRDA:141,35,0,0
BRDA:141,35,1,0
BRDA:142,36,0,0
BRDA:142,36,1,0
BRDA:142,37,0,0
BRDA:142,37,1,0
BRDA:162,38,0,0
BRDA:163,39,0,0
BRDA:163,39,1,0
BRDA:163,40,0,0
BRDA:163,40,1,0
BRDA:163,40,2,0
BRDA:164,41,0,0
BRDA:164,41,1,0
BRDA:169,42,0,0
BRDA:169,42,1,0
BRDA:170,43,0,0
BRDA:170,43,1,0
BRDA:178,44,0,0
BRDA:178,44,1,0
BRDA:200,45,0,0
BRDA:201,46,0,0
BRDA:201,46,1,0
BRDA:201,47,0,0
BRDA:201,47,1,0
BRDA:201,47,2,0
BRDA:202,48,0,0
BRDA:202,48,1,0
BRDA:236,49,0,0
BRDA:236,49,1,0
BRDA:236,49,2,0
BRDA:237,50,0,0
BRDA:237,50,1,0
BRDA:240,51,0,0
BRDA:240,51,1,0
BRDA:249,52,0,0
BRDA:249,52,1,0
BRDA:255,53,0,0
BRDA:255,53,1,0
BRDA:271,54,0,0
BRDA:271,54,1,0
BRDA:277,55,0,0
BRDA:277,55,1,0
BRDA:278,56,0,0
BRDA:278,56,1,0
BRDA:279,57,0,0
BRDA:279,57,1,0
BRDA:280,58,0,0
BRDA:280,58,1,0
BRDA:286,59,0,0
BRDA:286,59,1,0
BRDA:296,60,0,0
BRDA:296,60,1,0
BRDA:301,61,0,0
BRDA:301,61,1,0
BRDA:307,62,0,0
BRDA:307,62,1,0
BRDA:323,63,0,0
BRDA:323,63,1,0
BRDA:329,64,0,0
BRDA:329,64,1,0
BRDA:333,65,0,0
BRDA:333,65,1,0
BRDA:335,66,0,0
BRDA:335,66,1,0
BRDA:337,67,0,0
BRDA:337,67,1,0
BRDA:351,68,0,0
BRDA:351,68,1,0
BRDA:381,69,0,0
BRDA:381,69,1,0
BRDA:382,70,0,0
BRDA:382,70,1,0
BRDA:416,71,0,0
BRDA:416,71,1,0
BRDA:419,72,0,0
BRDA:419,72,1,0
BRDA:420,73,0,0
BRDA:420,73,1,0
BRDA:422,74,0,0
BRDA:422,74,1,0
BRDA:465,75,0,0
BRDA:465,75,1,0
BRDA:469,76,0,0
BRDA:469,76,1,0
BRDA:473,77,0,0
BRDA:473,77,1,0
BRDA:486,78,0,0
BRDA:486,78,1,0
BRDA:486,79,0,0
BRDA:486,79,1,0
BRDA:489,80,0,0
BRDA:489,80,1,0
BRDA:496,81,0,0
BRDA:496,81,1,0
BRDA:496,82,0,0
BRDA:496,82,1,0
BRDA:499,83,0,0
BRDA:499,83,1,0
BRDA:507,84,0,0
BRDA:507,84,1,0
BRDA:509,85,0,0
BRDA:509,85,1,0
BRDA:513,86,0,0
BRDA:513,86,1,0
BRDA:513,87,0,0
BRDA:513,87,1,0
BRDA:520,88,0,0
BRDA:520,88,1,0
BRDA:525,89,0,0
BRDA:525,89,1,0
BRDA:526,90,0,0
BRDA:526,90,1,0
BRDA:528,91,0,0
BRDA:528,91,1,0
BRDA:528,91,2,0
BRDA:528,91,3,0
BRDA:529,92,0,0
BRDA:529,92,1,0
BRDA:529,93,0,0
BRDA:529,93,1,0
BRDA:529,94,0,0
BRDA:529,94,1,0
BRDA:529,94,2,0
BRDA:549,95,0,0
BRDA:549,95,1,0
BRDA:549,96,0,0
BRDA:549,96,1,0
BRF:196
BRH:0
end_of_record
TN:
SF:static/js/features/settings/index.js
FN:1,createSettingsFeature
FN:2,can
FN:7,fieldLabel
FN:11,fieldDescription
FN:15,booleanControl
FN:27,segmentedControl
FN:28,(anonymous_6)
FN:34,inputFor
FN:49,updateSaveLabel
FN:57,comparableValue
FN:62,displayValue
FN:68,definitionFor
FN:72,renderChangesDrawer
FN:78,(anonymous_13)
FN:82,(anonymous_14)
FN:82,(anonymous_15)
FN:89,bindSegmentedControls
FN:90,(anonymous_17)
FN:92,(anonymous_18)
FN:93,(anonymous_19)
FN:94,(anonymous_20)
FN:102,updateToggleLabel
FN:108,settingsMarkup
FN:109,(anonymous_23)
FN:110,(anonymous_24)
FN:111,(anonymous_25)
FN:115,(anonymous_26)
FN:115,(anonymous_27)
FN:119,playerSettingsMarkup
FN:120,(anonymous_29)
FN:121,(anonymous_30)
FN:122,(anonymous_31)
FN:122,(anonymous_32)
FN:125,renderSettingsGroups
FN:135,bindSettingFields
FN:136,(anonymous_35)
FN:137,(anonymous_36)
FN:139,(anonymous_37)
FN:143,(anonymous_38)
FN:147,(anonymous_39)
FN:149,(anonymous_40)
FN:157,(anonymous_41)
FN:159,(anonymous_42)
FNF:43
FNH:0
FNDA:0,createSettingsFeature
FNDA:0,can
FNDA:0,fieldLabel
FNDA:0,fieldDescription
FNDA:0,booleanControl
FNDA:0,segmentedControl
FNDA:0,(anonymous_6)
FNDA:0,inputFor
FNDA:0,updateSaveLabel
FNDA:0,comparableValue
FNDA:0,displayValue
FNDA:0,definitionFor
FNDA:0,renderChangesDrawer
FNDA:0,(anonymous_13)
FNDA:0,(anonymous_14)
FNDA:0,(anonymous_15)
FNDA:0,bindSegmentedControls
FNDA:0,(anonymous_17)
FNDA:0,(anonymous_18)
FNDA:0,(anonymous_19)
FNDA:0,(anonymous_20)
FNDA:0,updateToggleLabel
FNDA:0,settingsMarkup
FNDA:0,(anonymous_23)
FNDA:0,(anonymous_24)
FNDA:0,(anonymous_25)
FNDA:0,(anonymous_26)
FNDA:0,(anonymous_27)
FNDA:0,playerSettingsMarkup
FNDA:0,(anonymous_29)
FNDA:0,(anonymous_30)
FNDA:0,(anonymous_31)
FNDA:0,(anonymous_32)
FNDA:0,renderSettingsGroups
FNDA:0,bindSettingFields
FNDA:0,(anonymous_35)
FNDA:0,(anonymous_36)
FNDA:0,(anonymous_37)
FNDA:0,(anonymous_38)
FNDA:0,(anonymous_39)
FNDA:0,(anonymous_40)
FNDA:0,(anonymous_41)
FNDA:0,(anonymous_42)
DA:3,0
DA:4,0
DA:8,0
DA:12,0
DA:16,0
DA:17,0
DA:18,0
DA:19,0
DA:20,0
DA:21,0
DA:22,0
DA:24,0
DA:28,0
DA:29,0
DA:31,0
DA:35,0
DA:37,0
DA:38,0
DA:39,0
DA:40,0
DA:42,0
DA:44,0
DA:45,0
DA:46,0
DA:50,0
DA:51,0
DA:52,0
DA:53,0
DA:54,0
DA:58,0
DA:59,0
DA:63,0
DA:64,0
DA:65,0
DA:69,0
DA:73,0
DA:74,0
DA:75,0
DA:76,0
DA:78,0
DA:79,0
DA:80,0
DA:82,0
DA:83,0
DA:84,0
DA:85,0
DA:90,0
DA:91,0
DA:92,0
DA:93,0
DA:94,0
DA:95,0
DA:96,0
DA:103,0
DA:104,0
DA:105,0
DA:109,0
DA:110,0
DA:111,0
DA:112,0
DA:113,0
DA:114,0
DA:115,0
DA:120,0
DA:121,0
DA:122,0
DA:126,0
DA:127,0
DA:130,0
DA:131,0
DA:132,0
DA:136,0
DA:137,0
DA:138,0
DA:139,0
DA:140,0
DA:141,0
DA:142,0
DA:143,0
DA:145,0
DA:147,0
DA:148,0
DA:149,0
DA:150,0
DA:151,0
DA:152,0
DA:153,0
DA:154,0
DA:157,0
DA:158,0
DA:159,0
DA:160,0
DA:161,0
DA:162,0
DA:163,0
DA:164,0
DA:165,0
DA:166,0
DA:168,0
DA:169,0
DA:170,0
DA:176,0
LF:102
LH:0
BRDA:1,0,0,0
BRDA:3,1,0,0
BRDA:3,1,1,0
BRDA:4,2,0,0
BRDA:4,2,1,0
BRDA:8,3,0,0
BRDA:8,3,1,0
BRDA:8,4,0,0
BRDA:8,4,1,0
BRDA:12,5,0,0
BRDA:12,5,1,0
BRDA:12,6,0,0
BRDA:12,6,1,0
BRDA:17,7,0,0
BRDA:17,7,1,0
BRDA:19,8,0,0
BRDA:19,8,1,0
BRDA:19,9,0,0
BRDA:19,9,1,0
BRDA:20,10,0,0
BRDA:20,10,1,0
BRDA:20,11,0,0
BRDA:20,11,1,0
BRDA:21,12,0,0
BRDA:21,12,1,0
BRDA:21,13,0,0
BRDA:21,13,1,0
BRDA:24,14,0,0
BRDA:24,14,1,0
BRDA:24,15,0,0
BRDA:24,15,1,0
BRDA:29,16,0,0
BRDA:29,16,1,0
BRDA:34,17,0,0
BRDA:37,18,0,0
BRDA:37,18,1,0
BRDA:39,19,0,0
BRDA:39,19,1,0
BRDA:42,20,0,0
BRDA:42,20,1,0
BRDA:42,21,0,0
BRDA:42,21,1,0
BRDA:42,22,0,0
BRDA:42,22,1,0
BRDA:42,23,0,0
BRDA:42,23,1,0
BRDA:44,24,0,0
BRDA:44,24,1,0
BRDA:45,25,0,0
BRDA:45,25,1,0
BRDA:46,26,0,0
BRDA:46,26,1,0
BRDA:46,27,0,0
BRDA:46,27,1,0
BRDA:46,28,0,0
BRDA:46,28,1,0
BRDA:51,29,0,0
BRDA:51,29,1,0
BRDA:54,30,0,0
BRDA:54,30,1,0
BRDA:58,31,0,0
BRDA:58,31,1,0
BRDA:59,32,0,0
BRDA:59,32,1,0
BRDA:63,33,0,0
BRDA:63,33,1,0
BRDA:63,34,0,0
BRDA:63,34,1,0
BRDA:64,35,0,0
BRDA:64,35,1,0
BRDA:65,36,0,0
BRDA:65,36,1,0
BRDA:74,37,0,0
BRDA:74,37,1,0
BRDA:104,38,0,0
BRDA:104,38,1,0
BRDA:112,39,0,0
BRDA:112,39,1,0
BRDA:112,40,0,0
BRDA:112,40,1,0
BRDA:113,41,0,0
BRDA:113,41,1,0
BRDA:114,42,0,0
BRDA:114,42,1,0
BRDA:115,43,0,0
BRDA:115,43,1,0
BRDA:115,44,0,0
BRDA:115,44,1,0
BRDA:122,45,0,0
BRDA:122,45,1,0
BRDA:122,46,0,0
BRDA:122,46,1,0
BRDA:122,47,0,0
BRDA:122,47,1,0
BRDA:122,48,0,0
BRDA:122,48,1,0
BRDA:125,49,0,0
BRDA:126,50,0,0
BRDA:126,50,1,0
BRDA:126,51,0,0
BRDA:126,51,1,0
BRDA:126,52,0,0
BRDA:126,52,1,0
BRDA:127,53,0,0
BRDA:127,53,1,0
BRDA:138,54,0,0
BRDA:138,54,1,0
BRDA:141,55,0,0
BRDA:141,55,1,0
BRDA:143,56,0,0
BRDA:143,56,1,0
BRDA:150,57,0,0
BRDA:150,57,1,0
BRDA:151,58,0,0
BRDA:151,58,1,0
BRDA:152,59,0,0
BRDA:152,59,1,0
BRDA:161,60,0,0
BRDA:161,60,1,0
BRDA:162,61,0,0
BRDA:162,61,1,0
BRF:121
BRH:0
end_of_record
TN:
SF:static/js/features/world/index.js
FN:3,createWorldFeature
FN:4,renderTimePanel
FN:9,(anonymous_2)
FN:21,runTimeAction
FN:27,bindTimePanel
FN:28,(anonymous_5)
FN:28,(anonymous_6)
FN:32,(anonymous_7)
FN:32,(anonymous_8)
FN:35,(anonymous_9)
FN:38,(anonymous_10)
FN:41,(anonymous_11)
FN:42,(anonymous_12)
FN:51,(anonymous_13)
FN:51,(anonymous_14)
FN:54,(anonymous_15)
FN:57,(anonymous_16)
FN:57,(anonymous_17)
FN:63,(anonymous_18)
FN:70,(anonymous_19)
FN:77,(anonymous_20)
FNF:21
FNH:0
FNDA:0,createWorldFeature
FNDA:0,renderTimePanel
FNDA:0,(anonymous_2)
FNDA:0,runTimeAction
FNDA:0,bindTimePanel
FNDA:0,(anonymous_5)
FNDA:0,(anonymous_6)
FNDA:0,(anonymous_7)
FNDA:0,(anonymous_8)
FNDA:0,(anonymous_9)
FNDA:0,(anonymous_10)
FNDA:0,(anonymous_11)
FNDA:0,(anonymous_12)
FNDA:0,(anonymous_13)
FNDA:0,(anonymous_14)
FNDA:0,(anonymous_15)
FNDA:0,(anonymous_16)
FNDA:0,(anonymous_17)
FNDA:0,(anonymous_18)
FNDA:0,(anonymous_19)
FNDA:0,(anonymous_20)
DA:5,0
DA:6,0
DA:7,0
DA:9,0
DA:16,0
DA:19,0
DA:22,0
DA:23,0
DA:24,0
DA:28,0
DA:29,0
DA:30,0
DA:32,0
DA:33,0
DA:35,0
DA:36,0
DA:38,0
DA:39,0
DA:41,0
DA:42,0
DA:43,0
DA:44,0
DA:45,0
DA:46,0
DA:47,0
DA:48,0
DA:51,0
DA:52,0
DA:54,0
DA:55,0
DA:57,0
DA:58,0
DA:59,0
DA:60,0
DA:61,0
DA:63,0
DA:64,0
DA:65,0
DA:70,0
DA:71,0
DA:72,0
DA:73,0
DA:74,0
DA:75,0
DA:77,0
DA:78,0
DA:79,0
DA:80,0
DA:82,0
LF:49
LH:0
BRDA:9,0,0,0
BRDA:9,0,1,0
BRDA:11,1,0,0
BRDA:11,1,1,0
BRDA:11,2,0,0
BRDA:11,2,1,0
BRDA:12,3,0,0
BRDA:12,3,1,0
BRDA:21,4,0,0
BRDA:23,5,0,0
BRDA:23,5,1,0
BRDA:29,6,0,0
BRDA:29,6,1,0
BRDA:43,7,0,0
BRDA:43,7,1,0
BRDA:55,8,0,0
BRDA:55,8,1,0
BRDA:60,9,0,0
BRDA:60,9,1,0
BRDA:64,10,0,0
BRDA:64,10,1,0
BRF:21
BRH:0
end_of_record
TN:
SF:static/js/i18n/en.js
FN:16,(anonymous_0)
FN:16,(anonymous_1)
FN:17,(anonymous_2)
FN:56,(anonymous_3)
FN:56,(anonymous_4)
FN:56,(anonymous_5)
FN:66,(anonymous_6)
FN:71,(anonymous_7)
FNF:8
FNH:0
FNDA:0,(anonymous_0)
FNDA:0,(anonymous_1)
FNDA:0,(anonymous_2)
FNDA:0,(anonymous_3)
FNDA:0,(anonymous_4)
FNDA:0,(anonymous_5)
FNDA:0,(anonymous_6)
FNDA:0,(anonymous_7)
DA:1,0
DA:16,0
DA:17,0
DA:56,0
DA:66,0
DA:71,0
LF:6
LH:0
BRDA:66,0,0,0
BRDA:66,0,1,0
BRF:2
BRH:0
end_of_record
TN:
SF:static/js/i18n/es.js
FN:11,(anonymous_0)
FN:11,(anonymous_1)
FN:11,(anonymous_2)
FN:50,(anonymous_3)
FN:50,(anonymous_4)
FN:50,(anonymous_5)
FN:60,(anonymous_6)
FN:61,(anonymous_7)
FNF:8
FNH:0
FNDA:0,(anonymous_0)
FNDA:0,(anonymous_1)
FNDA:0,(anonymous_2)
FNDA:0,(anonymous_3)
FNDA:0,(anonymous_4)
FNDA:0,(anonymous_5)
FNDA:0,(anonymous_6)
FNDA:0,(anonymous_7)
DA:3,0
DA:11,0
DA:50,0
DA:60,0
DA:61,0
LF:5
LH:0
BRDA:60,0,0,0
BRDA:60,0,1,0
BRF:2
BRH:0
end_of_record
TN:
SF:static/js/i18n/game-terms.js
FN:1,createGameTerms
FN:29,blockName
FN:35,(anonymous_2)
FN:39,blockIconName
FN:58,blockIcon
FN:64,blockTermMarkup
FN:69,dimensionName
FN:75,uiIcon
FN:100,gameTerm
FN:108,gameIcon
FN:115,gameLabel
FN:116,gameTermMarkup
FNF:12
FNH:0
FNDA:0,createGameTerms
FNDA:0,blockName
FNDA:0,(anonymous_2)
FNDA:0,blockIconName
FNDA:0,blockIcon
FNDA:0,blockTermMarkup
FNDA:0,dimensionName
FNDA:0,uiIcon
FNDA:0,gameTerm
FNDA:0,gameIcon
FNDA:0,gameLabel
FNDA:0,gameTermMarkup
DA:2,0
DA:19,0
DA:20,0
DA:30,0
DA:31,0
DA:32,0
DA:33,0
DA:34,0
DA:35,0
DA:36,0
DA:40,0
DA:41,0
DA:42,0
DA:43,0
DA:44,0
DA:45,0
DA:46,0
DA:47,0
DA:48,0
DA:49,0
DA:50,0
DA:51,0
DA:52,0
DA:53,0
DA:54,0
DA:55,0
DA:59,0
DA:60,0
DA:61,0
DA:65,0
DA:66,0
DA:70,0
DA:71,0
DA:72,0
DA:76,0
DA:77,0
DA:78,0
DA:81,0
DA:101,0
DA:102,0
DA:103,0
DA:104,0
DA:105,0
DA:109,0
DA:110,0
DA:111,0
DA:112,0
DA:114,0
DA:115,0
DA:117,0
DA:118,0
DA:121,0
LF:52
LH:0
BRDA:30,0,0,0
BRDA:30,0,1,0
BRDA:31,1,0,0
BRDA:31,1,1,0
BRDA:31,2,0,0
BRDA:31,2,1,0
BRDA:33,3,0,0
BRDA:33,3,1,0
BRDA:33,4,0,0
BRDA:33,4,1,0
BRDA:35,5,0,0
BRDA:35,5,1,0
BRDA:35,6,0,0
BRDA:35,6,1,0
BRDA:40,7,0,0
BRDA:40,7,1,0
BRDA:41,8,0,0
BRDA:41,8,1,0
BRDA:42,9,0,0
BRDA:42,9,1,0
BRDA:43,10,0,0
BRDA:43,10,1,0
BRDA:44,11,0,0
BRDA:44,11,1,0
BRDA:45,12,0,0
BRDA:45,12,1,0
BRDA:46,13,0,0
BRDA:46,13,1,0
BRDA:47,14,0,0
BRDA:47,14,1,0
BRDA:48,15,0,0
BRDA:48,15,1,0
BRDA:49,16,0,0
BRDA:49,16,1,0
BRDA:50,17,0,0
BRDA:50,17,1,0
BRDA:51,18,0,0
BRDA:51,18,1,0
BRDA:52,19,0,0
BRDA:52,19,1,0
BRDA:53,20,0,0
BRDA:53,20,1,0
BRDA:54,21,0,0
BRDA:54,21,1,0
BRDA:58,22,0,0
BRDA:60,23,0,0
BRDA:60,23,1,0
BRDA:71,24,0,0
BRDA:71,24,1,0
BRDA:71,25,0,0
BRDA:71,25,1,0
BRDA:72,26,0,0
BRDA:72,26,1,0
BRDA:72,27,0,0
BRDA:72,27,1,0
BRDA:75,28,0,0
BRDA:75,29,0,0
BRDA:76,30,0,0
BRDA:76,30,1,0
BRDA:77,31,0,0
BRDA:77,31,1,0
BRDA:100,32,0,0
BRDA:101,33,0,0
BRDA:101,33,1,0
BRDA:103,34,0,0
BRDA:103,34,1,0
BRDA:108,35,0,0
BRDA:108,36,0,0
BRDA:110,37,0,0
BRDA:110,37,1,0
BRDA:111,38,0,0
BRDA:111,38,1,0
BRDA:115,39,0,0
BRDA:115,40,0,0
BRDA:115,40,1,0
BRDA:115,41,0,0
BRDA:115,41,1,0
BRDA:115,42,0,0
BRDA:115,42,1,0
BRDA:115,43,0,0
BRDA:115,43,1,0
BRDA:116,44,0,0
BRF:82
BRH:0
end_of_record
TN:
SF:static/js/i18n/index.js
FN:19,createI18n
FN:20,(anonymous_1)
FN:21,(anonymous_2)
FN:27,(anonymous_3)
FN:28,(anonymous_4)
FN:29,(anonymous_5)
FN:34,(anonymous_6)
FNF:7
FNH:0
FNDA:0,createI18n
FNDA:0,(anonymous_1)
FNDA:0,(anonymous_2)
FNDA:0,(anonymous_3)
FNDA:0,(anonymous_4)
FNDA:0,(anonymous_5)
FNDA:0,(anonymous_6)
DA:5,0
DA:7,0
DA:11,0
DA:17,0
DA:20,0
DA:21,0
DA:22,0
DA:23,0
DA:25,0
DA:27,0
DA:28,0
DA:30,0
DA:31,0
DA:32,0
DA:34,0
LF:15
LH:0
BRDA:20,0,0,0
BRDA:20,0,1,0
BRDA:22,1,0,0
BRDA:22,1,1,0
BRDA:22,1,2,0
BRDA:23,2,0,0
BRDA:23,2,1,0
BRDA:28,3,0,0
BRDA:28,4,0,0
BRDA:28,4,1,0
BRDA:28,5,0,0
BRDA:28,5,1,0
BRDA:30,6,0,0
BRDA:30,6,1,0
BRDA:31,7,0,0
BRDA:31,7,1,0
BRDA:32,8,0,0
BRDA:32,8,1,0
BRDA:32,9,0,0
BRDA:32,9,1,0
BRDA:34,10,0,0
BRDA:34,10,1,0
BRF:22
BRH:0
end_of_record
TN:
SF:static/js/i18n/pt.js
FN:16,(anonymous_0)
FN:16,(anonymous_1)
FN:17,(anonymous_2)
FN:56,(anonymous_3)
FN:56,(anonymous_4)
FN:56,(anonymous_5)
FN:66,(anonymous_6)
FN:71,(anonymous_7)
FNF:8
FNH:0
FNDA:0,(anonymous_0)
FNDA:0,(anonymous_1)
FNDA:0,(anonymous_2)
FNDA:0,(anonymous_3)
FNDA:0,(anonymous_4)
FNDA:0,(anonymous_5)
FNDA:0,(anonymous_6)
FNDA:0,(anonymous_7)
DA:1,0
DA:16,0
DA:17,0
DA:56,0
DA:66,0
DA:71,0
LF:6
LH:0
BRDA:66,0,0,0
BRDA:66,0,1,0
BRF:2
BRH:0
end_of_record
